Fitter Place Stage Report for SimpleIOCapExposerKeyMngrV2Tb_design
Fri Oct 17 15:17:04 2025
Quartus Prime Version 23.2.0 Build 94 06/14/2023 SC Pro Edition


---------------------
; Table of Contents ;
---------------------
  1. Legal Notice
  2. Fitter Resource Usage Summary
  3. Fitter Resource Utilization by Entity
  4. Global & Other Fast Signals Summary
  5. Global Signal Visualization
  6. Global & Other Fast Signals Details
  7. Non-Global High Fan-Out Signals
  8. Fitter RAM Summary
  9. Fitter Physical RAM Information
 10. Place Messages



----------------
; Legal Notice ;
----------------
Copyright (C) 2023  Intel Corporation. All rights reserved.
Your use of Intel Corporation's design tools, logic functions 
and other software and tools, and any partner logic 
functions, and any output files from any of the foregoing 
(including device programming or simulation files), and any 
associated documentation or information are expressly subject 
to the terms and conditions of the Intel Program License 
Subscription Agreement, the Intel Quartus Prime License Agreement,
the Intel FPGA IP License Agreement, or other applicable license
agreement, including, without limitation, that your use is for
the sole purpose of programming logic devices manufactured by
Intel and sold by Intel or its authorized distributors.  Please
refer to the applicable agreement for further details, at
https://fpgasoftware.intel.com/eula.



+--------------------------------------------------------------------------------------------+
; Fitter Resource Usage Summary                                                              ;
+-------------------------------------------------------------+----------------------+-------+
; Resource                                                    ; Usage                ; %     ;
+-------------------------------------------------------------+----------------------+-------+
; Usage Report Generated after: Place                         ;                      ;       ;
;                                                             ;                      ;       ;
; Logic utilization (ALMs needed / total ALMs on device)      ; 51,998 / 933,120     ; 6 %   ;
; ALMs needed [=A-B+C]                                        ; 51,998               ;       ;
;     [A] ALMs used in final placement [=a+b+c+d]             ; 55,987 / 933,120     ; 6 %   ;
;         [a] ALMs used for LUT logic and register circuitry  ; 9,566                ;       ;
;         [b] ALMs used for LUT logic                         ; 41,783               ;       ;
;         [c] ALMs used for register circuitry                ; 4,638                ;       ;
;         [d] ALMs used for memory (up to half of total ALMs) ; 0                    ;       ;
;     [B] Estimate of ALMs recoverable by dense packing       ; 4,285 / 933,120      ; < 1 % ;
;     [C] Estimate of ALMs unavailable [=a+b+c+d]             ; 296 / 933,120        ; < 1 % ;
;         [a] Due to location constrained logic               ; 0                    ;       ;
;         [b] Due to LAB-wide signal conflicts                ; 0                    ;       ;
;         [c] Due to LAB input limits                         ; 296                  ;       ;
;         [d] Due to virtual I/Os                             ; 0                    ;       ;
;                                                             ;                      ;       ;
; Difficulty packing design                                   ; High                 ;       ;
;                                                             ;                      ;       ;
; Total LABs:  partially or completely used                   ; 6,481 / 93,312       ; 7 %   ;
;     -- Logic LABs                                           ; 6,481                ;       ;
;     -- Memory LABs (up to half of total LABs)               ; 0                    ;       ;
;                                                             ;                      ;       ;
; Combinational ALUT usage for logic                          ; 64,337               ;       ;
;     -- 8 input functions                                    ; 1,642                ;       ;
;     -- 7 input functions                                    ; 610                  ;       ;
;     -- 6 input functions                                    ; 32,015               ;       ;
;     -- 5 input functions                                    ; 6,571                ;       ;
;     -- 4 input functions                                    ; 10,371               ;       ;
;     -- <=3 input functions                                  ; 13,128               ;       ;
; Combinational ALUT usage for route-throughs                 ; 6,883                ;       ;
;                                                             ;                      ;       ;
; Dedicated logic registers                                   ; 30,079               ;       ;
;     -- By type:                                             ;                      ;       ;
;         -- LAB logic registers:                             ;                      ;       ;
;             -- Primary logic registers                      ; 28,408 / 1,866,240   ; 2 %   ;
;             -- Secondary logic registers                    ; 1,671 / 1,866,240    ; < 1 % ;
;         -- Hyper-Registers:                                 ; 0                    ;       ;
;                                                             ;                      ;       ;
; Register control circuitry for power estimation             ; 0                    ;       ;
;                                                             ;                      ;       ;
; ALMs adjustment for power estimation                        ; 4,087                ;       ;
;                                                             ;                      ;       ;
; I/O pins                                                    ; 5 / 1,152            ; < 1 % ;
;     -- Clock pins                                           ; 1 / 88               ; 1 %   ;
;     -- Dedicated input pins                                 ; 0 / 198              ; 0 %   ;
;                                                             ;                      ;       ;
; Hard processor system peripheral utilization                ;                      ;       ;
;     -- Clock resets                                         ; 0 / 1 ( 0 % )        ;       ;
;     -- Cross trigger                                        ; 0 / 1 ( 0 % )        ;       ;
;     -- S2F AXI                                              ; 0 / 1 ( 0 % )        ;       ;
;     -- F2S AXI                                              ; 0 / 1 ( 0 % )        ;       ;
;     -- AXI Lightweight                                      ; 0 / 1 ( 0 % )        ;       ;
;     -- SDRAM                                                ; 0 / 1 ( 0 % )        ;       ;
;     -- Interrupts                                           ; 0 / 1 ( 0 % )        ;       ;
;     -- JTAG                                                 ; 0 / 1 ( 0 % )        ;       ;
;     -- Loan I/O                                             ; 0 / 1 ( 0 % )        ;       ;
;     -- MPU event standby                                    ; 0 / 1 ( 0 % )        ;       ;
;     -- MPU general purpose                                  ; 0 / 1 ( 0 % )        ;       ;
;     -- STM event                                            ; 0 / 1 ( 0 % )        ;       ;
;     -- TPIU trace                                           ; 0 / 1 ( 0 % )        ;       ;
;     -- DMA                                                  ; 0 / 1 ( 0 % )        ;       ;
;     -- EMAC                                                 ; 0 / 3 ( 0 % )        ;       ;
;     -- I2C                                                  ; 0 / 5 ( 0 % )        ;       ;
;     -- NAND Flash                                           ; 0 / 1 ( 0 % )        ;       ;
;     -- SDMMC                                                ; 0 / 1 ( 0 % )        ;       ;
;     -- SPI Master                                           ; 0 / 2 ( 0 % )        ;       ;
;     -- SPI Slave                                            ; 0 / 2 ( 0 % )        ;       ;
;     -- UART                                                 ; 0 / 2 ( 0 % )        ;       ;
;                                                             ;                      ;       ;
; M20K blocks                                                 ; 3 / 11,721           ; < 1 % ;
; Total MLAB memory bits                                      ; 0                    ;       ;
; Total block memory bits                                     ; 1,078 / 240,046,080  ; < 1 % ;
; Total block memory implementation bits                      ; 61,440 / 240,046,080 ; < 1 % ;
;                                                             ;                      ;       ;
; DSP Blocks Needed [=A+B-C]                                  ; 0 / 5,760            ; 0 %   ;
;     [A] Total Fixed Point DSP Blocks                        ; 0                    ;       ;
;     [B] Total Floating Point DSP Blocks                     ; 0                    ;       ;
;     [C] Estimate of DSP Blocks recoverable by dense merging ; 0                    ;       ;
;                                                             ;                      ;       ;
; IOPLLs                                                      ; 0 / 24               ; 0 %   ;
; Global signals                                              ; 1                    ;       ;
; Impedance control blocks                                    ; 0 / 24               ; 0 %   ;
; Maximum fan-out                                             ; 345                  ;       ;
; Highest non-global fan-out                                  ; 345                  ;       ;
; Total fan-out                                               ; 340325               ;       ;
; Average fan-out                                             ; 3.74                 ;       ;
+-------------------------------------------------------------+----------------------+-------+
The Fitter Resource Usage Summary report displays a detailed analysis of logic utilization based on calculations of ALM usage. Refer to <a class="xref" href="https://www.intel.com/content/www/us/en/programmable/quartushelp/current/index.htm#mapIdTopics/mwh1465496451103.htm" target="_blank">Fitter Resource Usage Summary Report</a> in the <i>Intel® Quartus® Prime Pro Edition Help</i> for more information.


+----------------------------------------------------------------------------------------------------------------------------------------------------------------------------------------------------------------------------------------------------------------------------------------------------------------------------------------------------------------------------------------------------------------------------------------------------------------------------------------------------------------------------------------------------------------------------------------------------------------------------------------+
; Fitter Resource Utilization by Entity                                                                                                                                                                                                                                                                                                                                                                                                                                                                                                                                                                                                  ;
+--------------------------------------------------------------------+----------------------+----------------------------------+---------------------------------------------------+----------------------------------+----------------------+---------------------+---------------------------+---------------+-------------------+-------+--------------------------+----------------------------------------+---------------------------------------------------+------+--------+-------------------------------------------------------------------------------------------+------------------------------------------+--------------+
; Compilation Hierarchy Node                                         ; ALMs needed [=A-B+C] ; [A] ALMs used in final placement ; [B] Estimate of ALMs recoverable by dense packing ; [C] Estimate of ALMs unavailable ; ALMs used for memory ; Combinational ALUTs ; Dedicated Logic Registers ; I/O Registers ; Block Memory Bits ; M20Ks ; DSP Blocks needed [=A-B] ; [A] DSP Blocks used in final placement ; [B] Estimate of DSPs recoverable by dense merging ; Pins ; IOPLLs ; Full Hierarchy Name                                                                       ; Entity Name                              ; Library Name ;
+--------------------------------------------------------------------+----------------------+----------------------------------+---------------------------------------------------+----------------------------------+----------------------+---------------------+---------------------------+---------------+-------------------+-------+--------------------------+----------------------------------------+---------------------------------------------------+------+--------+-------------------------------------------------------------------------------------------+------------------------------------------+--------------+
; |                                                                  ; 51997.0 (0.0)        ; 55987.5 (0.0)                    ; 4285.9 (0.0)                                      ; 295.4 (0.0)                      ; 0.0 (0.0)            ; 64337 (0)           ; 30079 (0)                 ; 0 (0)         ; 1078              ; 3     ; 0                        ; 0                                      ; 0                                                 ; 10   ; 0 (0)  ; |                                                                                         ; SimpleIOCapExposerKeyMngrV2Tb_design     ; altera_work  ;
;    |dut|                                                           ; 51773.2 (17947.8)    ; 55542.7 (20449.3)                ; 4047.5 (2718.6)                                   ; 278.0 (217.1)                    ; 0.0 (0.0)            ; 63980 (27924)       ; 29026 (16826)             ; 0 (0)         ; 1078              ; 3     ; 0                        ; 0                                      ; 0                                                 ; 0    ; 0 (0)  ; dut                                                                                       ; mkSimpleIOCapExposerV6_blockinvalid_Tb   ; altera_work  ;
;       |exposer4x32Impl_arChecker_checkers_0_calc|                  ; 2356.0 (2356.0)      ; 2410.0 (2410.0)                  ; 55.6 (55.6)                                       ; 1.6 (1.6)                        ; 0.0 (0.0)            ; 2617 (2617)         ; 259 (259)                 ; 0 (0)         ; 0                 ; 0     ; 0                        ; 0                                      ; 0                                                 ; 0    ; 0 (0)  ; dut|exposer4x32Impl_arChecker_checkers_0_calc                                             ; mkInternalCalc_2024Aes2RoundPerCycleFast ; altera_work  ;
;       |exposer4x32Impl_arChecker_checkers_0_decodeInFIFO|          ; 131.3 (131.3)        ; 144.9 (144.9)                    ; 13.7 (13.7)                                       ; 0.0 (0.0)                        ; 0.0 (0.0)            ; 111 (111)           ; 212 (212)                 ; 0 (0)         ; 0                 ; 0     ; 0                        ; 0                                      ; 0                                                 ; 0    ; 0 (0)  ; dut|exposer4x32Impl_arChecker_checkers_0_decodeInFIFO                                     ; FIFO2                                    ; altera_work  ;
;       |exposer4x32Impl_arChecker_checkers_0_decodeOutFIFO|         ; 168.6 (168.6)        ; 188.2 (188.2)                    ; 19.6 (19.6)                                       ; 0.0 (0.0)                        ; 0.0 (0.0)            ; 144 (144)           ; 266 (266)                 ; 0 (0)         ; 0                 ; 0     ; 0                        ; 0                                      ; 0                                                 ; 0    ; 0 (0)  ; dut|exposer4x32Impl_arChecker_checkers_0_decodeOutFIFO                                    ; FIFO2                                    ; altera_work  ;
;       |exposer4x32Impl_arChecker_checkers_0_sigCheckOutFIFO|       ; 15.3 (15.3)          ; 16.9 (16.9)                      ; 2.3 (2.3)                                         ; 0.6 (0.6)                        ; 0.0 (0.0)            ; 7 (7)               ; 40 (40)                   ; 0 (0)         ; 0                 ; 0     ; 0                        ; 0                                      ; 0                                                 ; 0    ; 0 (0)  ; dut|exposer4x32Impl_arChecker_checkers_0_sigCheckOutFIFO                                  ; FIFO2                                    ; altera_work  ;
;       |exposer4x32Impl_arChecker_checkers_1_calc|                  ; 2360.5 (2360.5)      ; 2413.7 (2413.7)                  ; 55.6 (55.6)                                       ; 2.4 (2.4)                        ; 0.0 (0.0)            ; 2630 (2630)         ; 288 (288)                 ; 0 (0)         ; 0                 ; 0     ; 0                        ; 0                                      ; 0                                                 ; 0    ; 0 (0)  ; dut|exposer4x32Impl_arChecker_checkers_1_calc                                             ; mkInternalCalc_2024Aes2RoundPerCycleFast ; altera_work  ;
;       |exposer4x32Impl_arChecker_checkers_1_decodeInFIFO|          ; 133.1 (133.1)        ; 145.3 (145.3)                    ; 12.2 (12.2)                                       ; 0.0 (0.0)                        ; 0.0 (0.0)            ; 111 (111)           ; 212 (212)                 ; 0 (0)         ; 0                 ; 0     ; 0                        ; 0                                      ; 0                                                 ; 0    ; 0 (0)  ; dut|exposer4x32Impl_arChecker_checkers_1_decodeInFIFO                                     ; FIFO2                                    ; altera_work  ;
;       |exposer4x32Impl_arChecker_checkers_1_decodeOutFIFO|         ; 168.8 (168.8)        ; 186.2 (186.2)                    ; 17.7 (17.7)                                       ; 0.3 (0.3)                        ; 0.0 (0.0)            ; 144 (144)           ; 266 (266)                 ; 0 (0)         ; 0                 ; 0     ; 0                        ; 0                                      ; 0                                                 ; 0    ; 0 (0)  ; dut|exposer4x32Impl_arChecker_checkers_1_decodeOutFIFO                                    ; FIFO2                                    ; altera_work  ;
;       |exposer4x32Impl_arChecker_checkers_1_sigCheckOutFIFO|       ; 11.6 (11.6)          ; 12.2 (12.2)                      ; 0.8 (0.8)                                         ; 0.1 (0.1)                        ; 0.0 (0.0)            ; 7 (7)               ; 25 (25)                   ; 0 (0)         ; 0                 ; 0     ; 0                        ; 0                                      ; 0                                                 ; 0    ; 0 (0)  ; dut|exposer4x32Impl_arChecker_checkers_1_sigCheckOutFIFO                                  ; FIFO2                                    ; altera_work  ;
;       |exposer4x32Impl_arChecker_checkers_2_calc|                  ; 2354.9 (2354.9)      ; 2409.3 (2409.3)                  ; 57.4 (57.4)                                       ; 3.1 (3.1)                        ; 0.0 (0.0)            ; 2617 (2617)         ; 259 (259)                 ; 0 (0)         ; 0                 ; 0     ; 0                        ; 0                                      ; 0                                                 ; 0    ; 0 (0)  ; dut|exposer4x32Impl_arChecker_checkers_2_calc                                             ; mkInternalCalc_2024Aes2RoundPerCycleFast ; altera_work  ;
;       |exposer4x32Impl_arChecker_checkers_2_decodeInFIFO|          ; 132.8 (132.8)        ; 144.2 (144.2)                    ; 11.7 (11.7)                                       ; 0.3 (0.3)                        ; 0.0 (0.0)            ; 111 (111)           ; 212 (212)                 ; 0 (0)         ; 0                 ; 0     ; 0                        ; 0                                      ; 0                                                 ; 0    ; 0 (0)  ; dut|exposer4x32Impl_arChecker_checkers_2_decodeInFIFO                                     ; FIFO2                                    ; altera_work  ;
;       |exposer4x32Impl_arChecker_checkers_2_decodeOutFIFO|         ; 168.0 (168.0)        ; 186.8 (186.8)                    ; 18.9 (18.9)                                       ; 0.0 (0.0)                        ; 0.0 (0.0)            ; 144 (144)           ; 266 (266)                 ; 0 (0)         ; 0                 ; 0     ; 0                        ; 0                                      ; 0                                                 ; 0    ; 0 (0)  ; dut|exposer4x32Impl_arChecker_checkers_2_decodeOutFIFO                                    ; FIFO2                                    ; altera_work  ;
;       |exposer4x32Impl_arChecker_checkers_2_sigCheckOutFIFO|       ; 11.0 (11.0)          ; 12.0 (12.0)                      ; 1.3 (1.3)                                         ; 0.3 (0.3)                        ; 0.0 (0.0)            ; 7 (7)               ; 25 (25)                   ; 0 (0)         ; 0                 ; 0     ; 0                        ; 0                                      ; 0                                                 ; 0    ; 0 (0)  ; dut|exposer4x32Impl_arChecker_checkers_2_sigCheckOutFIFO                                  ; FIFO2                                    ; altera_work  ;
;       |exposer4x32Impl_arChecker_checkers_3_calc|                  ; 2361.6 (2361.6)      ; 2415.1 (2415.1)                  ; 57.5 (57.5)                                       ; 4.0 (4.0)                        ; 0.0 (0.0)            ; 2629 (2629)         ; 263 (263)                 ; 0 (0)         ; 0                 ; 0     ; 0                        ; 0                                      ; 0                                                 ; 0    ; 0 (0)  ; dut|exposer4x32Impl_arChecker_checkers_3_calc                                             ; mkInternalCalc_2024Aes2RoundPerCycleFast ; altera_work  ;
;       |exposer4x32Impl_arChecker_checkers_3_decodeInFIFO|          ; 133.1 (133.1)        ; 145.8 (145.8)                    ; 12.6 (12.6)                                       ; 0.0 (0.0)                        ; 0.0 (0.0)            ; 111 (111)           ; 212 (212)                 ; 0 (0)         ; 0                 ; 0     ; 0                        ; 0                                      ; 0                                                 ; 0    ; 0 (0)  ; dut|exposer4x32Impl_arChecker_checkers_3_decodeInFIFO                                     ; FIFO2                                    ; altera_work  ;
;       |exposer4x32Impl_arChecker_checkers_3_decodeOutFIFO|         ; 168.5 (168.5)        ; 190.6 (190.6)                    ; 22.1 (22.1)                                       ; 0.0 (0.0)                        ; 0.0 (0.0)            ; 144 (144)           ; 266 (266)                 ; 0 (0)         ; 0                 ; 0     ; 0                        ; 0                                      ; 0                                                 ; 0    ; 0 (0)  ; dut|exposer4x32Impl_arChecker_checkers_3_decodeOutFIFO                                    ; FIFO2                                    ; altera_work  ;
;       |exposer4x32Impl_arChecker_checkers_3_sigCheckOutFIFO|       ; 11.1 (11.1)          ; 12.4 (12.4)                      ; 1.8 (1.8)                                         ; 0.4 (0.4)                        ; 0.0 (0.0)            ; 7 (7)               ; 25 (25)                   ; 0 (0)         ; 0                 ; 0     ; 0                        ; 0                                      ; 0                                                 ; 0    ; 0 (0)  ; dut|exposer4x32Impl_arChecker_checkers_3_sigCheckOutFIFO                                  ; FIFO2                                    ; altera_work  ;
;       |exposer4x32Impl_arChecker_checkers_4_calc|                  ; 2357.5 (2357.5)      ; 2408.5 (2408.5)                  ; 53.7 (53.7)                                       ; 2.7 (2.7)                        ; 0.0 (0.0)            ; 2617 (2617)         ; 259 (259)                 ; 0 (0)         ; 0                 ; 0     ; 0                        ; 0                                      ; 0                                                 ; 0    ; 0 (0)  ; dut|exposer4x32Impl_arChecker_checkers_4_calc                                             ; mkInternalCalc_2024Aes2RoundPerCycleFast ; altera_work  ;
;       |exposer4x32Impl_arChecker_checkers_4_decodeInFIFO|          ; 134.5 (134.5)        ; 142.0 (142.0)                    ; 7.5 (7.5)                                         ; 0.0 (0.0)                        ; 0.0 (0.0)            ; 111 (111)           ; 212 (212)                 ; 0 (0)         ; 0                 ; 0     ; 0                        ; 0                                      ; 0                                                 ; 0    ; 0 (0)  ; dut|exposer4x32Impl_arChecker_checkers_4_decodeInFIFO                                     ; FIFO2                                    ; altera_work  ;
;       |exposer4x32Impl_arChecker_checkers_4_decodeOutFIFO|         ; 169.1 (169.1)        ; 188.0 (188.0)                    ; 18.9 (18.9)                                       ; 0.0 (0.0)                        ; 0.0 (0.0)            ; 144 (144)           ; 266 (266)                 ; 0 (0)         ; 0                 ; 0     ; 0                        ; 0                                      ; 0                                                 ; 0    ; 0 (0)  ; dut|exposer4x32Impl_arChecker_checkers_4_decodeOutFIFO                                    ; FIFO2                                    ; altera_work  ;
;       |exposer4x32Impl_arChecker_checkers_4_sigCheckOutFIFO|       ; 19.3 (19.3)          ; 20.4 (20.4)                      ; 1.3 (1.3)                                         ; 0.2 (0.2)                        ; 0.0 (0.0)            ; 7 (7)               ; 50 (50)                   ; 0 (0)         ; 0                 ; 0     ; 0                        ; 0                                      ; 0                                                 ; 0    ; 0 (0)  ; dut|exposer4x32Impl_arChecker_checkers_4_sigCheckOutFIFO                                  ; FIFO2                                    ; altera_work  ;
;       |exposer4x32Impl_arChecker_checkers_5_calc|                  ; 2359.0 (2359.0)      ; 2412.4 (2412.4)                  ; 55.4 (55.4)                                       ; 2.0 (2.0)                        ; 0.0 (0.0)            ; 2617 (2617)         ; 263 (263)                 ; 0 (0)         ; 0                 ; 0     ; 0                        ; 0                                      ; 0                                                 ; 0    ; 0 (0)  ; dut|exposer4x32Impl_arChecker_checkers_5_calc                                             ; mkInternalCalc_2024Aes2RoundPerCycleFast ; altera_work  ;
;       |exposer4x32Impl_arChecker_checkers_5_decodeInFIFO|          ; 133.1 (133.1)        ; 150.8 (150.8)                    ; 17.6 (17.6)                                       ; 0.0 (0.0)                        ; 0.0 (0.0)            ; 111 (111)           ; 212 (212)                 ; 0 (0)         ; 0                 ; 0     ; 0                        ; 0                                      ; 0                                                 ; 0    ; 0 (0)  ; dut|exposer4x32Impl_arChecker_checkers_5_decodeInFIFO                                     ; FIFO2                                    ; altera_work  ;
;       |exposer4x32Impl_arChecker_checkers_5_decodeOutFIFO|         ; 168.3 (168.3)        ; 190.3 (190.3)                    ; 22.1 (22.1)                                       ; 0.0 (0.0)                        ; 0.0 (0.0)            ; 144 (144)           ; 266 (266)                 ; 0 (0)         ; 0                 ; 0     ; 0                        ; 0                                      ; 0                                                 ; 0    ; 0 (0)  ; dut|exposer4x32Impl_arChecker_checkers_5_decodeOutFIFO                                    ; FIFO2                                    ; altera_work  ;
;       |exposer4x32Impl_arChecker_checkers_5_sigCheckOutFIFO|       ; 23.9 (23.9)          ; 25.3 (25.3)                      ; 1.6 (1.6)                                         ; 0.2 (0.2)                        ; 0.0 (0.0)            ; 7 (7)               ; 65 (65)                   ; 0 (0)         ; 0                 ; 0     ; 0                        ; 0                                      ; 0                                                 ; 0    ; 0 (0)  ; dut|exposer4x32Impl_arChecker_checkers_5_sigCheckOutFIFO                                  ; FIFO2                                    ; altera_work  ;
;       |exposer4x32Impl_arIn_authFlitFIFO|                          ; 432.3 (432.3)        ; 462.8 (462.8)                    ; 30.5 (30.5)                                       ; 0.0 (0.0)                        ; 0.0 (0.0)            ; 352 (352)           ; 692 (692)                 ; 0 (0)         ; 0                 ; 0     ; 0                        ; 0                                      ; 0                                                 ; 0    ; 0 (0)  ; dut|exposer4x32Impl_arIn_authFlitFIFO                                                     ; FIFO2                                    ; altera_work  ;
;       |exposer4x32Impl_arIn_inFlitsFIFO|                           ; 203.0 (203.0)        ; 224.6 (224.6)                    ; 24.5 (24.5)                                       ; 2.9 (2.9)                        ; 0.0 (0.0)            ; 167 (167)           ; 321 (321)                 ; 0 (0)         ; 0                 ; 0     ; 0                        ; 0                                      ; 0                                                 ; 0    ; 0 (0)  ; dut|exposer4x32Impl_arIn_inFlitsFIFO                                                      ; FIFO2                                    ; altera_work  ;
;       |exposer4x32Impl_arOut|                                      ; 64.8 (64.8)          ; 66.7 (66.7)                      ; 3.5 (3.5)                                         ; 1.6 (1.6)                        ; 0.0 (0.0)            ; 57 (57)             ; 100 (100)                 ; 0 (0)         ; 0                 ; 0     ; 0                        ; 0                                      ; 0                                                 ; 0    ; 0 (0)  ; dut|exposer4x32Impl_arOut                                                                 ; FIFO2                                    ; altera_work  ;
;       |exposer4x32Impl_awChecker_checkers_0_calc|                  ; 2360.6 (2360.6)      ; 2407.2 (2407.2)                  ; 53.4 (53.4)                                       ; 6.8 (6.8)                        ; 0.0 (0.0)            ; 2617 (2617)         ; 259 (259)                 ; 0 (0)         ; 0                 ; 0     ; 0                        ; 0                                      ; 0                                                 ; 0    ; 0 (0)  ; dut|exposer4x32Impl_awChecker_checkers_0_calc                                             ; mkInternalCalc_2024Aes2RoundPerCycleFast ; altera_work  ;
;       |exposer4x32Impl_awChecker_checkers_0_decodeInFIFO|          ; 137.0 (137.0)        ; 152.1 (152.1)                    ; 15.0 (15.0)                                       ; 0.0 (0.0)                        ; 0.0 (0.0)            ; 111 (111)           ; 223 (223)                 ; 0 (0)         ; 0                 ; 0     ; 0                        ; 0                                      ; 0                                                 ; 0    ; 0 (0)  ; dut|exposer4x32Impl_awChecker_checkers_0_decodeInFIFO                                     ; FIFO2                                    ; altera_work  ;
;       |exposer4x32Impl_awChecker_checkers_0_decodeOutFIFO|         ; 168.3 (168.3)        ; 189.7 (189.7)                    ; 21.4 (21.4)                                       ; 0.0 (0.0)                        ; 0.0 (0.0)            ; 144 (144)           ; 266 (266)                 ; 0 (0)         ; 0                 ; 0     ; 0                        ; 0                                      ; 0                                                 ; 0    ; 0 (0)  ; dut|exposer4x32Impl_awChecker_checkers_0_decodeOutFIFO                                    ; FIFO2                                    ; altera_work  ;
;       |exposer4x32Impl_awChecker_checkers_0_sigCheckOutFIFO|       ; 11.1 (11.1)          ; 12.2 (12.2)                      ; 1.3 (1.3)                                         ; 0.2 (0.2)                        ; 0.0 (0.0)            ; 7 (7)               ; 25 (25)                   ; 0 (0)         ; 0                 ; 0     ; 0                        ; 0                                      ; 0                                                 ; 0    ; 0 (0)  ; dut|exposer4x32Impl_awChecker_checkers_0_sigCheckOutFIFO                                  ; FIFO2                                    ; altera_work  ;
;       |exposer4x32Impl_awChecker_checkers_1_calc|                  ; 2355.5 (2355.5)      ; 2416.8 (2416.8)                  ; 66.5 (66.5)                                       ; 5.3 (5.3)                        ; 0.0 (0.0)            ; 2617 (2617)         ; 259 (259)                 ; 0 (0)         ; 0                 ; 0     ; 0                        ; 0                                      ; 0                                                 ; 0    ; 0 (0)  ; dut|exposer4x32Impl_awChecker_checkers_1_calc                                             ; mkInternalCalc_2024Aes2RoundPerCycleFast ; altera_work  ;
;       |exposer4x32Impl_awChecker_checkers_1_decodeInFIFO|          ; 132.8 (132.8)        ; 146.3 (146.3)                    ; 13.5 (13.5)                                       ; 0.0 (0.0)                        ; 0.0 (0.0)            ; 111 (111)           ; 212 (212)                 ; 0 (0)         ; 0                 ; 0     ; 0                        ; 0                                      ; 0                                                 ; 0    ; 0 (0)  ; dut|exposer4x32Impl_awChecker_checkers_1_decodeInFIFO                                     ; FIFO2                                    ; altera_work  ;
;       |exposer4x32Impl_awChecker_checkers_1_decodeOutFIFO|         ; 168.5 (168.5)        ; 188.7 (188.7)                    ; 20.2 (20.2)                                       ; 0.0 (0.0)                        ; 0.0 (0.0)            ; 144 (144)           ; 266 (266)                 ; 0 (0)         ; 0                 ; 0     ; 0                        ; 0                                      ; 0                                                 ; 0    ; 0 (0)  ; dut|exposer4x32Impl_awChecker_checkers_1_decodeOutFIFO                                    ; FIFO2                                    ; altera_work  ;
;       |exposer4x32Impl_awChecker_checkers_1_sigCheckOutFIFO|       ; 14.8 (14.8)          ; 15.6 (15.6)                      ; 1.0 (1.0)                                         ; 0.2 (0.2)                        ; 0.0 (0.0)            ; 7 (7)               ; 35 (35)                   ; 0 (0)         ; 0                 ; 0     ; 0                        ; 0                                      ; 0                                                 ; 0    ; 0 (0)  ; dut|exposer4x32Impl_awChecker_checkers_1_sigCheckOutFIFO                                  ; FIFO2                                    ; altera_work  ;
;       |exposer4x32Impl_awChecker_checkers_2_calc|                  ; 2358.3 (2358.3)      ; 2413.0 (2413.0)                  ; 58.8 (58.8)                                       ; 4.1 (4.1)                        ; 0.0 (0.0)            ; 2618 (2618)         ; 259 (259)                 ; 0 (0)         ; 0                 ; 0     ; 0                        ; 0                                      ; 0                                                 ; 0    ; 0 (0)  ; dut|exposer4x32Impl_awChecker_checkers_2_calc                                             ; mkInternalCalc_2024Aes2RoundPerCycleFast ; altera_work  ;
;       |exposer4x32Impl_awChecker_checkers_2_decodeInFIFO|          ; 133.3 (133.3)        ; 141.1 (141.1)                    ; 7.8 (7.8)                                         ; 0.0 (0.0)                        ; 0.0 (0.0)            ; 111 (111)           ; 212 (212)                 ; 0 (0)         ; 0                 ; 0     ; 0                        ; 0                                      ; 0                                                 ; 0    ; 0 (0)  ; dut|exposer4x32Impl_awChecker_checkers_2_decodeInFIFO                                     ; FIFO2                                    ; altera_work  ;
;       |exposer4x32Impl_awChecker_checkers_2_decodeOutFIFO|         ; 169.6 (169.6)        ; 186.7 (186.7)                    ; 17.2 (17.2)                                       ; 0.2 (0.2)                        ; 0.0 (0.0)            ; 144 (144)           ; 266 (266)                 ; 0 (0)         ; 0                 ; 0     ; 0                        ; 0                                      ; 0                                                 ; 0    ; 0 (0)  ; dut|exposer4x32Impl_awChecker_checkers_2_decodeOutFIFO                                    ; FIFO2                                    ; altera_work  ;
;       |exposer4x32Impl_awChecker_checkers_2_sigCheckOutFIFO|       ; 18.0 (18.0)          ; 18.7 (18.7)                      ; 1.0 (1.0)                                         ; 0.4 (0.4)                        ; 0.0 (0.0)            ; 7 (7)               ; 45 (45)                   ; 0 (0)         ; 0                 ; 0     ; 0                        ; 0                                      ; 0                                                 ; 0    ; 0 (0)  ; dut|exposer4x32Impl_awChecker_checkers_2_sigCheckOutFIFO                                  ; FIFO2                                    ; altera_work  ;
;       |exposer4x32Impl_awChecker_checkers_3_calc|                  ; 2354.4 (2354.4)      ; 2407.7 (2407.7)                  ; 57.0 (57.0)                                       ; 3.7 (3.7)                        ; 0.0 (0.0)            ; 2617 (2617)         ; 270 (270)                 ; 0 (0)         ; 0                 ; 0     ; 0                        ; 0                                      ; 0                                                 ; 0    ; 0 (0)  ; dut|exposer4x32Impl_awChecker_checkers_3_calc                                             ; mkInternalCalc_2024Aes2RoundPerCycleFast ; altera_work  ;
;       |exposer4x32Impl_awChecker_checkers_3_decodeInFIFO|          ; 149.2 (149.2)        ; 178.2 (178.2)                    ; 29.5 (29.5)                                       ; 0.5 (0.5)                        ; 0.0 (0.0)            ; 111 (111)           ; 263 (263)                 ; 0 (0)         ; 0                 ; 0     ; 0                        ; 0                                      ; 0                                                 ; 0    ; 0 (0)  ; dut|exposer4x32Impl_awChecker_checkers_3_decodeInFIFO                                     ; FIFO2                                    ; altera_work  ;
;       |exposer4x32Impl_awChecker_checkers_3_decodeOutFIFO|         ; 169.7 (169.7)        ; 190.3 (190.3)                    ; 20.9 (20.9)                                       ; 0.3 (0.3)                        ; 0.0 (0.0)            ; 144 (144)           ; 266 (266)                 ; 0 (0)         ; 0                 ; 0     ; 0                        ; 0                                      ; 0                                                 ; 0    ; 0 (0)  ; dut|exposer4x32Impl_awChecker_checkers_3_decodeOutFIFO                                    ; FIFO2                                    ; altera_work  ;
;       |exposer4x32Impl_awChecker_checkers_3_sigCheckOutFIFO|       ; 27.0 (27.0)          ; 29.2 (29.2)                      ; 3.2 (3.2)                                         ; 1.0 (1.0)                        ; 0.0 (0.0)            ; 7 (7)               ; 75 (75)                   ; 0 (0)         ; 0                 ; 0     ; 0                        ; 0                                      ; 0                                                 ; 0    ; 0 (0)  ; dut|exposer4x32Impl_awChecker_checkers_3_sigCheckOutFIFO                                  ; FIFO2                                    ; altera_work  ;
;       |exposer4x32Impl_awChecker_checkers_4_calc|                  ; 2363.1 (2363.1)      ; 2416.8 (2416.8)                  ; 57.4 (57.4)                                       ; 3.7 (3.7)                        ; 0.0 (0.0)            ; 2619 (2619)         ; 266 (266)                 ; 0 (0)         ; 0                 ; 0     ; 0                        ; 0                                      ; 0                                                 ; 0    ; 0 (0)  ; dut|exposer4x32Impl_awChecker_checkers_4_calc                                             ; mkInternalCalc_2024Aes2RoundPerCycleFast ; altera_work  ;
;       |exposer4x32Impl_awChecker_checkers_4_decodeInFIFO|          ; 173.2 (173.2)        ; 228.8 (228.8)                    ; 56.5 (56.5)                                       ; 0.8 (0.8)                        ; 0.0 (0.0)            ; 111 (111)           ; 321 (321)                 ; 0 (0)         ; 0                 ; 0     ; 0                        ; 0                                      ; 0                                                 ; 0    ; 0 (0)  ; dut|exposer4x32Impl_awChecker_checkers_4_decodeInFIFO                                     ; FIFO2                                    ; altera_work  ;
;       |exposer4x32Impl_awChecker_checkers_4_decodeOutFIFO|         ; 170.4 (170.4)        ; 192.1 (192.1)                    ; 22.0 (22.0)                                       ; 0.3 (0.3)                        ; 0.0 (0.0)            ; 144 (144)           ; 266 (266)                 ; 0 (0)         ; 0                 ; 0     ; 0                        ; 0                                      ; 0                                                 ; 0    ; 0 (0)  ; dut|exposer4x32Impl_awChecker_checkers_4_decodeOutFIFO                                    ; FIFO2                                    ; altera_work  ;
;       |exposer4x32Impl_awChecker_checkers_4_sigCheckOutFIFO|       ; 11.5 (11.5)          ; 12.5 (12.5)                      ; 1.3 (1.3)                                         ; 0.2 (0.2)                        ; 0.0 (0.0)            ; 7 (7)               ; 25 (25)                   ; 0 (0)         ; 0                 ; 0     ; 0                        ; 0                                      ; 0                                                 ; 0    ; 0 (0)  ; dut|exposer4x32Impl_awChecker_checkers_4_sigCheckOutFIFO                                  ; FIFO2                                    ; altera_work  ;
;       |exposer4x32Impl_awChecker_checkers_5_calc|                  ; 2353.0 (2353.0)      ; 2410.8 (2410.8)                  ; 62.0 (62.0)                                       ; 4.3 (4.3)                        ; 0.0 (0.0)            ; 2617 (2617)         ; 259 (259)                 ; 0 (0)         ; 0                 ; 0     ; 0                        ; 0                                      ; 0                                                 ; 0    ; 0 (0)  ; dut|exposer4x32Impl_awChecker_checkers_5_calc                                             ; mkInternalCalc_2024Aes2RoundPerCycleFast ; altera_work  ;
;       |exposer4x32Impl_awChecker_checkers_5_decodeInFIFO|          ; 133.7 (133.7)        ; 143.1 (143.1)                    ; 9.4 (9.4)                                         ; 0.1 (0.1)                        ; 0.0 (0.0)            ; 111 (111)           ; 212 (212)                 ; 0 (0)         ; 0                 ; 0     ; 0                        ; 0                                      ; 0                                                 ; 0    ; 0 (0)  ; dut|exposer4x32Impl_awChecker_checkers_5_decodeInFIFO                                     ; FIFO2                                    ; altera_work  ;
;       |exposer4x32Impl_awChecker_checkers_5_decodeOutFIFO|         ; 166.6 (166.6)        ; 190.3 (190.3)                    ; 23.7 (23.7)                                       ; 0.0 (0.0)                        ; 0.0 (0.0)            ; 144 (144)           ; 266 (266)                 ; 0 (0)         ; 0                 ; 0     ; 0                        ; 0                                      ; 0                                                 ; 0    ; 0 (0)  ; dut|exposer4x32Impl_awChecker_checkers_5_decodeOutFIFO                                    ; FIFO2                                    ; altera_work  ;
;       |exposer4x32Impl_awChecker_checkers_5_sigCheckOutFIFO|       ; 13.3 (13.3)          ; 14.0 (14.0)                      ; 0.8 (0.8)                                         ; 0.1 (0.1)                        ; 0.0 (0.0)            ; 7 (7)               ; 30 (30)                   ; 0 (0)         ; 0                 ; 0     ; 0                        ; 0                                      ; 0                                                 ; 0    ; 0 (0)  ; dut|exposer4x32Impl_awChecker_checkers_5_sigCheckOutFIFO                                  ; FIFO2                                    ; altera_work  ;
;       |exposer4x32Impl_awIn_authFlitFIFO|                          ; 427.9 (427.9)        ; 459.5 (459.5)                    ; 31.6 (31.6)                                       ; 0.0 (0.0)                        ; 0.0 (0.0)            ; 352 (352)           ; 692 (692)                 ; 0 (0)         ; 0                 ; 0     ; 0                        ; 0                                      ; 0                                                 ; 0    ; 0 (0)  ; dut|exposer4x32Impl_awIn_authFlitFIFO                                                     ; FIFO2                                    ; altera_work  ;
;       |exposer4x32Impl_awIn_inFlitsFIFO|                           ; 200.3 (200.3)        ; 221.7 (221.7)                    ; 21.4 (21.4)                                       ; 0.0 (0.0)                        ; 0.0 (0.0)            ; 167 (167)           ; 323 (323)                 ; 0 (0)         ; 0                 ; 0     ; 0                        ; 0                                      ; 0                                                 ; 0    ; 0 (0)  ; dut|exposer4x32Impl_awIn_inFlitsFIFO                                                      ; FIFO2                                    ; altera_work  ;
;       |exposer4x32Impl_awOut|                                      ; 62.0 (62.0)          ; 68.5 (68.5)                      ; 7.2 (7.2)                                         ; 0.7 (0.7)                        ; 0.0 (0.0)            ; 55 (55)             ; 98 (98)                   ; 0 (0)         ; 0                 ; 0     ; 0                        ; 0                                      ; 0                                                 ; 0    ; 0 (0)  ; dut|exposer4x32Impl_awOut                                                                 ; FIFO2                                    ; altera_work  ;
;       |exposer4x32Impl_bIn|                                        ; 8.9 (8.9)            ; 10.2 (10.2)                      ; 1.6 (1.6)                                         ; 0.2 (0.2)                        ; 0.0 (0.0)            ; 16 (16)             ; 12 (12)                   ; 0 (0)         ; 0                 ; 0     ; 0                        ; 0                                      ; 0                                                 ; 0    ; 0 (0)  ; dut|exposer4x32Impl_bIn                                                                   ; FIFO2                                    ; altera_work  ;
;       |exposer4x32Impl_bOut|                                       ; 7.8 (7.8)            ; 8.2 (8.2)                        ; 0.3 (0.3)                                         ; 0.0 (0.0)                        ; 0.0 (0.0)            ; 12 (12)             ; 8 (8)                     ; 0 (0)         ; 0                 ; 0     ; 0                        ; 0                                      ; 0                                                 ; 0    ; 0 (0)  ; dut|exposer4x32Impl_bOut                                                                  ; FIFO2                                    ; altera_work  ;
;       |exposer4x32Impl_rIn|                                        ; 29.5 (29.5)          ; 33.8 (33.8)                      ; 4.3 (4.3)                                         ; 0.0 (0.0)                        ; 0.0 (0.0)            ; 29 (29)             ; 46 (46)                   ; 0 (0)         ; 0                 ; 0     ; 0                        ; 0                                      ; 0                                                 ; 0    ; 0 (0)  ; dut|exposer4x32Impl_rIn                                                                   ; FIFO2                                    ; altera_work  ;
;       |exposer4x32Impl_rOut|                                       ; 27.0 (27.0)          ; 30.8 (30.8)                      ; 4.4 (4.4)                                         ; 0.7 (0.7)                        ; 0.0 (0.0)            ; 44 (44)             ; 40 (40)                   ; 0 (0)         ; 0                 ; 0     ; 0                        ; 0                                      ; 0                                                 ; 0    ; 0 (0)  ; dut|exposer4x32Impl_rOut                                                                  ; FIFO2                                    ; altera_work  ;
;       |exposer4x32Impl_rScoreboard_bram_memory|                    ; 0.0 (0.0)            ; 0.0 (0.0)                        ; 0.0 (0.0)                                         ; 0.0 (0.0)                        ; 0.0 (0.0)            ; 0 (0)               ; 0 (0)                     ; 0 (0)         ; 64                ; 1     ; 0                        ; 0                                      ; 0                                                 ; 0    ; 0 (0)  ; dut|exposer4x32Impl_rScoreboard_bram_memory                                               ; BRAM2                                    ; altera_work  ;
;          |RAM_rtl_0|                                               ; 0.0 (0.0)            ; 0.0 (0.0)                        ; 0.0 (0.0)                                         ; 0.0 (0.0)                        ; 0.0 (0.0)            ; 0 (0)               ; 0 (0)                     ; 0 (0)         ; 64                ; 1     ; 0                        ; 0                                      ; 0                                                 ; 0    ; 0 (0)  ; dut|exposer4x32Impl_rScoreboard_bram_memory|RAM_rtl_0                                     ; altera_syncram                           ; work         ;
;             |auto_generated|                                       ; 0.0 (0.0)            ; 0.0 (0.0)                        ; 0.0 (0.0)                                         ; 0.0 (0.0)                        ; 0.0 (0.0)            ; 0 (0)               ; 0 (0)                     ; 0 (0)         ; 64                ; 1     ; 0                        ; 0                                      ; 0                                                 ; 0    ; 0 (0)  ; dut|exposer4x32Impl_rScoreboard_bram_memory|RAM_rtl_0|auto_generated                      ; altera_syncram_rd951                     ; altera_work  ;
;                |altera_syncram_impl1|                              ; 0.0 (0.0)            ; 0.0 (0.0)                        ; 0.0 (0.0)                                         ; 0.0 (0.0)                        ; 0.0 (0.0)            ; 0 (0)               ; 0 (0)                     ; 0 (0)         ; 64                ; 1     ; 0                        ; 0                                      ; 0                                                 ; 0    ; 0 (0)  ; dut|exposer4x32Impl_rScoreboard_bram_memory|RAM_rtl_0|auto_generated|altera_syncram_impl1 ; altera_syncram_impl_ulg32                ; altera_work  ;
;       |exposer4x32Impl_rScoreboard_bram_serverAdapterB_outData_ff| ; 21.0 (21.0)          ; 22.0 (22.0)                      ; 1.0 (1.0)                                         ; 0.0 (0.0)                        ; 0.0 (0.0)            ; 27 (27)             ; 23 (23)                   ; 0 (0)         ; 0                 ; 0     ; 0                        ; 0                                      ; 0                                                 ; 0    ; 0 (0)  ; dut|exposer4x32Impl_rScoreboard_bram_serverAdapterB_outData_ff                            ; SizedFIFO                                ; altera_work  ;
;       |exposer4x32Impl_rScoreboard_completedValidTxnMetaImpl|      ; 9.5 (9.5)            ; 9.8 (9.8)                        ; 0.3 (0.3)                                         ; 0.0 (0.0)                        ; 0.0 (0.0)            ; 14 (14)             ; 10 (10)                   ; 0 (0)         ; 0                 ; 0     ; 0                        ; 0                                      ; 0                                                 ; 0    ; 0 (0)  ; dut|exposer4x32Impl_rScoreboard_completedValidTxnMetaImpl                                 ; FIFO2                                    ; altera_work  ;
;       |exposer4x32Impl_rScoreboard_invalidTxnsToCompleteImpl|      ; 4.8 (4.8)            ; 6.7 (6.7)                        ; 1.8 (1.8)                                         ; 0.0 (0.0)                        ; 0.0 (0.0)            ; 10 (10)             ; 6 (6)                     ; 0 (0)         ; 0                 ; 0     ; 0                        ; 0                                      ; 0                                                 ; 0    ; 0 (0)  ; dut|exposer4x32Impl_rScoreboard_invalidTxnsToCompleteImpl                                 ; FIFO2                                    ; altera_work  ;
;       |exposer4x32Impl_wIn|                                        ; 46.9 (46.9)          ; 61.1 (61.1)                      ; 14.6 (14.6)                                       ; 0.4 (0.4)                        ; 0.0 (0.0)            ; 58 (58)             ; 66 (66)                   ; 0 (0)         ; 950               ; 1     ; 0                        ; 0                                      ; 0                                                 ; 0    ; 0 (0)  ; dut|exposer4x32Impl_wIn                                                                   ; SizedFIFO                                ; altera_work  ;
;          |arr_rtl_0|                                               ; 0.0 (0.0)            ; 0.0 (0.0)                        ; 0.0 (0.0)                                         ; 0.0 (0.0)                        ; 0.0 (0.0)            ; 0 (0)               ; 0 (0)                     ; 0 (0)         ; 950               ; 1     ; 0                        ; 0                                      ; 0                                                 ; 0    ; 0 (0)  ; dut|exposer4x32Impl_wIn|arr_rtl_0                                                         ; altera_syncram                           ; work         ;
;             |auto_generated|                                       ; 0.0 (0.0)            ; 0.0 (0.0)                        ; 0.0 (0.0)                                         ; 0.0 (0.0)                        ; 0.0 (0.0)            ; 0 (0)               ; 0 (0)                     ; 0 (0)         ; 950               ; 1     ; 0                        ; 0                                      ; 0                                                 ; 0    ; 0 (0)  ; dut|exposer4x32Impl_wIn|arr_rtl_0|auto_generated                                          ; altera_syncram_6698                      ; altera_work  ;
;                |altera_syncram_impl1|                              ; 0.0 (0.0)            ; 0.0 (0.0)                        ; 0.0 (0.0)                                         ; 0.0 (0.0)                        ; 0.0 (0.0)            ; 0 (0)               ; 0 (0)                     ; 0 (0)         ; 950               ; 1     ; 0                        ; 0                                      ; 0                                                 ; 0    ; 0 (0)  ; dut|exposer4x32Impl_wIn|arr_rtl_0|auto_generated|altera_syncram_impl1                     ; altera_syncram_impl_gd6o                 ; altera_work  ;
;       |exposer4x32Impl_wScoreboard_bram_memory|                    ; 0.0 (0.0)            ; 0.0 (0.0)                        ; 0.0 (0.0)                                         ; 0.0 (0.0)                        ; 0.0 (0.0)            ; 0 (0)               ; 0 (0)                     ; 0 (0)         ; 64                ; 1     ; 0                        ; 0                                      ; 0                                                 ; 0    ; 0 (0)  ; dut|exposer4x32Impl_wScoreboard_bram_memory                                               ; BRAM2                                    ; altera_work  ;
;          |RAM_rtl_0|                                               ; 0.0 (0.0)            ; 0.0 (0.0)                        ; 0.0 (0.0)                                         ; 0.0 (0.0)                        ; 0.0 (0.0)            ; 0 (0)               ; 0 (0)                     ; 0 (0)         ; 64                ; 1     ; 0                        ; 0                                      ; 0                                                 ; 0    ; 0 (0)  ; dut|exposer4x32Impl_wScoreboard_bram_memory|RAM_rtl_0                                     ; altera_syncram                           ; work         ;
;             |auto_generated|                                       ; 0.0 (0.0)            ; 0.0 (0.0)                        ; 0.0 (0.0)                                         ; 0.0 (0.0)                        ; 0.0 (0.0)            ; 0 (0)               ; 0 (0)                     ; 0 (0)         ; 64                ; 1     ; 0                        ; 0                                      ; 0                                                 ; 0    ; 0 (0)  ; dut|exposer4x32Impl_wScoreboard_bram_memory|RAM_rtl_0|auto_generated                      ; altera_syncram_rd951                     ; altera_work  ;
;                |altera_syncram_impl1|                              ; 0.0 (0.0)            ; 0.0 (0.0)                        ; 0.0 (0.0)                                         ; 0.0 (0.0)                        ; 0.0 (0.0)            ; 0 (0)               ; 0 (0)                     ; 0 (0)         ; 64                ; 1     ; 0                        ; 0                                      ; 0                                                 ; 0    ; 0 (0)  ; dut|exposer4x32Impl_wScoreboard_bram_memory|RAM_rtl_0|auto_generated|altera_syncram_impl1 ; altera_syncram_impl_ulg32                ; altera_work  ;
;       |exposer4x32Impl_wScoreboard_bram_serverAdapterB_outData_ff| ; 19.7 (19.7)          ; 22.8 (22.8)                      ; 3.1 (3.1)                                         ; 0.1 (0.1)                        ; 0.0 (0.0)            ; 25 (25)             ; 23 (23)                   ; 0 (0)         ; 0                 ; 0     ; 0                        ; 0                                      ; 0                                                 ; 0    ; 0 (0)  ; dut|exposer4x32Impl_wScoreboard_bram_serverAdapterB_outData_ff                            ; SizedFIFO                                ; altera_work  ;
;       |exposer4x32Impl_wScoreboard_completedValidTxnMetaImpl|      ; 8.2 (8.2)            ; 8.2 (8.2)                        ; 0.0 (0.0)                                         ; 0.0 (0.0)                        ; 0.0 (0.0)            ; 14 (14)             ; 10 (10)                   ; 0 (0)         ; 0                 ; 0     ; 0                        ; 0                                      ; 0                                                 ; 0    ; 0 (0)  ; dut|exposer4x32Impl_wScoreboard_completedValidTxnMetaImpl                                 ; FIFO2                                    ; altera_work  ;
;       |exposer4x32Impl_wScoreboard_invalidTxnsToCompleteImpl|      ; 6.2 (6.2)            ; 6.2 (6.2)                        ; 0.0 (0.0)                                         ; 0.0 (0.0)                        ; 0.0 (0.0)            ; 10 (10)             ; 6 (6)                     ; 0 (0)         ; 0                 ; 0     ; 0                        ; 0                                      ; 0                                                 ; 0    ; 0 (0)  ; dut|exposer4x32Impl_wScoreboard_invalidTxnsToCompleteImpl                                 ; FIFO2                                    ; altera_work  ;
;       |keyStores_keyReqFF|                                         ; 9.2 (9.2)            ; 9.5 (9.5)                        ; 0.3 (0.3)                                         ; 0.0 (0.0)                        ; 0.0 (0.0)            ; 14 (14)             ; 10 (10)                   ; 0 (0)         ; 0                 ; 0     ; 0                        ; 0                                      ; 0                                                 ; 0    ; 0 (0)  ; dut|keyStores_keyReqFF                                                                    ; FIFO2                                    ; altera_work  ;
;       |keyStores_keyRespFF|                                        ; 41.2 (41.2)          ; 52.9 (52.9)                      ; 15.3 (15.3)                                       ; 3.6 (3.6)                        ; 0.0 (0.0)            ; 6 (6)               ; 139 (139)                 ; 0 (0)         ; 0                 ; 0     ; 0                        ; 0                                      ; 0                                                 ; 0    ; 0 (0)  ; dut|keyStores_keyRespFF                                                                   ; FIFO2                                    ; altera_work  ;
;       |keyStores_rValve_Decrement|                                 ; 7.0 (7.0)            ; 8.5 (8.5)                        ; 1.5 (1.5)                                         ; 0.0 (0.0)                        ; 0.0 (0.0)            ; 9 (9)               ; 10 (10)                   ; 0 (0)         ; 0                 ; 0     ; 0                        ; 0                                      ; 0                                                 ; 0    ; 0 (0)  ; dut|keyStores_rValve_Decrement                                                            ; FIFO2                                    ; altera_work  ;
;       |keyStores_rValve_Increment|                                 ; 7.2 (7.2)            ; 8.1 (8.1)                        ; 0.8 (0.8)                                         ; 0.0 (0.0)                        ; 0.0 (0.0)            ; 14 (14)             ; 10 (10)                   ; 0 (0)         ; 0                 ; 0     ; 0                        ; 0                                      ; 0                                                 ; 0    ; 0 (0)  ; dut|keyStores_rValve_Increment                                                            ; FIFO2                                    ; altera_work  ;
;       |keyStores_wValve_Decrement|                                 ; 7.9 (7.9)            ; 8.6 (8.6)                        ; 0.7 (0.7)                                         ; 0.0 (0.0)                        ; 0.0 (0.0)            ; 14 (14)             ; 10 (10)                   ; 0 (0)         ; 0                 ; 0     ; 0                        ; 0                                      ; 0                                                 ; 0    ; 0 (0)  ; dut|keyStores_wValve_Decrement                                                            ; FIFO2                                    ; altera_work  ;
;       |keyStores_wValve_Increment|                                 ; 7.6 (7.6)            ; 9.7 (9.7)                        ; 2.2 (2.2)                                         ; 0.0 (0.0)                        ; 0.0 (0.0)            ; 14 (14)             ; 10 (10)                   ; 0 (0)         ; 0                 ; 0     ; 0                        ; 0                                      ; 0                                                 ; 0    ; 0 (0)  ; dut|keyStores_wValve_Increment                                                            ; FIFO2                                    ; altera_work  ;
;    |i|                                                             ; 84.3 (84.3)          ; 167.5 (167.5)                    ; 87.8 (87.8)                                       ; 4.6 (4.6)                        ; 0.0 (0.0)            ; 0 (0)               ; 447 (447)                 ; 0 (0)         ; 0                 ; 0     ; 0                        ; 0                                      ; 0                                                 ; 0    ; 0 (0)  ; i                                                                                         ; input_harness                            ; altera_work  ;
;    |o|                                                             ; 139.5 (139.5)        ; 277.3 (277.3)                    ; 150.6 (150.6)                                     ; 12.8 (12.8)                      ; 0.0 (0.0)            ; 357 (357)           ; 606 (606)                 ; 0 (0)         ; 0                 ; 0     ; 0                        ; 0                                      ; 0                                                 ; 0    ; 0 (0)  ; o                                                                                         ; output_harness                           ; altera_work  ;
+--------------------------------------------------------------------+----------------------+----------------------------------+---------------------------------------------------+----------------------------------+----------------------+---------------------+---------------------------+---------------+-------------------+-------+--------------------------+----------------------------------------+---------------------------------------------------+------+--------+-------------------------------------------------------------------------------------------+------------------------------------------+--------------+
Note: For table entries with two numbers listed, the numbers in parentheses indicate the number of resources of the given type used by the specific entity alone. The numbers listed outside of parentheses indicate the total resources of the given type used by the specific entity and all of its sub-entities in the hierarchy.


+-----------------------------------------------+
; Global & Other Fast Signals Summary           ;
+----------+----------+---------+---------------+
; Name     ; Location ; Fan-Out ; Clock Region  ;
+----------+----------+---------+---------------+
; CLK_SLOW ; PIN_BF21 ; 3       ; Sector (7, 2) ;
+----------+----------+---------+---------------+


-------------------------------
; Global Signal Visualization ;
-------------------------------
This report is unavailable in plain text report export.


+--------------------------------------------------------------------------------------------------+
; Global & Other Fast Signals Details                                                              ;
+---------------------------------------------------+----------------------------------------------+
; Property                                          ; Value                                        ;
+---------------------------------------------------+----------------------------------------------+
; Name                                              ; CLK_SLOW                                     ;
;     -- Source Node                                ; CLK_SLOW~pad                                 ;
;     -- Source Type                                ; I/O pad                                      ;
;     -- Source Location                            ; PIN_BF21                                     ;
;     -- Fan-Out                                    ; 3                                            ;
;     -- Promotion Reason                           ; Automatically promoted                       ;
;     -- Clock Region                               ; Sector (7, 2)                                ;
;     -- Clock Partition Ownership for Preservation ; root_partition                               ;
;     -- Clock Region Size (in Sectors)             ; 1 x 1 (1 total)                              ;
;     -- Clock Region Bounding Box                  ; (233, 73) to (248, 108)                      ;
;     -- Clock Region Constraint                    ; SX7 SY2 SX7 SY2                              ;
;     -- Terminating Spine Index                    ; 14                                           ;
;     -- Path Length                                ; 0.5 clock sector wire(s) and 0 layer jump(s) ;
;         -- Length from Clock Source to Clock Tree ; 0.5 clock sector wire(s) and 0 layer jump(s) ;
;         -- Clock Tree Length                      ; 0.0 clock sector wire(s) and 0 layer jump(s) ;
+---------------------------------------------------+----------------------------------------------+
To visualize how these signals are routed, use the Chip Planner task "Report Clock Details".
To manually specify the size and placement of these signals, use the Assignment Editor to make Clock Region assignments.


+---------------------------------------------+
; Non-Global High Fan-Out Signals             ;
+----------------+---------+------------------+
; Name           ; Fan-Out ; Physical Fan-Out ;
+----------------+---------+------------------+
; CLK_FAST~input ; 30103   ; 3741             ;
; RST_N~input    ; 12016   ; 7048             ;
+----------------+---------+------------------+


+--------------------------------------------------------------------------------------------------------------------------------------------------------------------------------------------------------------------------------------------------------------------------------------------------------------------------------------------------------------------------------------------------------------------------------------------------------------------------------------------------------------------------------------------------------------------------------------------------------------------------------------------+
; Fitter RAM Summary                                                                                                                                                                                                                                                                                                                                                                                                                                                                                                                                                                                                                         ;
+----------------------------------------------------------------------------------------------------------+------+------------------+--------------+--------------+--------------+--------------+--------------+------------------------+-------------------------+------------------------+-------------------------+------+-----------------------------+-----------------------------+-----------------------------+-----------------------------+---------------------+-------------+-------+------+------------------+---------------------+-----------------+-----------------+----------+------------------------+-------------------+
; Name                                                                                                     ; Type ; Mode             ; Clock Mode   ; Port A Depth ; Port A Width ; Port B Depth ; Port B Width ; Port A Input Registers ; Port A Output Registers ; Port B Input Registers ; Port B Output Registers ; Size ; Implementation Port A Depth ; Implementation Port A Width ; Implementation Port B Depth ; Implementation Port B Width ; Implementation Bits ; M20K blocks ; MLABs ; MIF  ; Location         ; Mixed Port RDW Mode ; Port A RDW Mode ; Port B RDW Mode ; ECC Mode ; ECC Pipeline Registers ; Fits in MLABs     ;
+----------------------------------------------------------------------------------------------------------+------+------------------+--------------+--------------+--------------+--------------+--------------+------------------------+-------------------------+------------------------+-------------------------+------+-----------------------------+-----------------------------+-----------------------------+-----------------------------+---------------------+-------------+-------+------+------------------+---------------------+-----------------+-----------------+----------+------------------------+-------------------+
; dut|exposer4x32Impl_rScoreboard_bram_memory|RAM_rtl_0|auto_generated|altera_syncram_impl1|ALTERA_SYNCRAM ; AUTO ; Simple Dual Port ; Single Clock ; 16           ; 72           ; 16           ; 72           ; yes                    ; no                      ; yes                    ; yes                     ; 1152 ; 16                          ; 3                           ; 16                          ; 4                           ; 64                  ; 1           ; 0     ; None ; M20K_X239_Y83_N0 ; Don't care          ; New data        ; New data        ; Off      ; No                     ; No - Size Too Big ;
; dut|exposer4x32Impl_wIn|arr_rtl_0|auto_generated|altera_syncram_impl1|ALTERA_SYNCRAM                     ; AUTO ; Simple Dual Port ; Single Clock ; 50           ; 19           ; 50           ; 19           ; yes                    ; no                      ; yes                    ; no                      ; 950  ; 50                          ; 18                          ; 50                          ; 19                          ; 950                 ; 1           ; 0     ; None ; M20K_X228_Y74_N0 ; Old data            ; New data        ; New data        ; Off      ; No                     ; No - Size Too Big ;
; dut|exposer4x32Impl_wScoreboard_bram_memory|RAM_rtl_0|auto_generated|altera_syncram_impl1|ALTERA_SYNCRAM ; AUTO ; Simple Dual Port ; Single Clock ; 16           ; 72           ; 16           ; 72           ; yes                    ; no                      ; yes                    ; yes                     ; 1152 ; 16                          ; 3                           ; 16                          ; 4                           ; 64                  ; 1           ; 0     ; None ; M20K_X234_Y73_N0 ; Don't care          ; New data        ; New data        ; Off      ; No                     ; No - Size Too Big ;
+----------------------------------------------------------------------------------------------------------+------+------------------+--------------+--------------+--------------+--------------+--------------+------------------------+-------------------------+------------------------+-------------------------+------+-----------------------------+-----------------------------+-----------------------------+-----------------------------+---------------------+-------------+-------+------+------------------+---------------------+-----------------+-----------------+----------+------------------------+-------------------+
Note: Fitter may spread logical memories into multiple blocks to improve timing. The actual required RAM blocks can be found in the Fitter Resource Usage section.


+--------------------------------------------------------------------------------------------------------------------------------------------------------------------------------------------+
; Fitter Physical RAM Information                                                                                                                                                            ;
+-----------------------+-------------------------+-------------------------------+----------------------------------------------------------------------------------------------------------+
; Physical RAM Location ; Physical RAM Usage Bits ; Physical RAM Usage Percentage ; Logical RAM Name                                                                                         ;
+-----------------------+-------------------------+-------------------------------+----------------------------------------------------------------------------------------------------------+
; M20K_X234_Y73_N0      ; 64                      ; 0.3                           ; dut|exposer4x32Impl_wScoreboard_bram_memory|RAM_rtl_0|auto_generated|altera_syncram_impl1|ALTERA_SYNCRAM ;
; M20K_X239_Y83_N0      ; 64                      ; 0.3                           ; dut|exposer4x32Impl_rScoreboard_bram_memory|RAM_rtl_0|auto_generated|altera_syncram_impl1|ALTERA_SYNCRAM ;
; M20K_X228_Y74_N0      ; 950                     ; 4.6                           ; dut|exposer4x32Impl_wIn|arr_rtl_0|auto_generated|altera_syncram_impl1|ALTERA_SYNCRAM                     ;
+-----------------------+-------------------------+-------------------------------+----------------------------------------------------------------------------------------------------------+
Note: This table shows up to 500 physical rams that are least utilized. You can change this number by setting PHYSICAL_RAM_RPT_MAX_ROW in qsf file.


+----------------+
; Place Messages ;
+----------------+
Info (20030): Parallel compilation is enabled and will use 24 of the 24 processors detected
Info: *******************************************************************
Info: Running Quartus Prime Fitter
    Info: Version 23.2.0 Build 94 06/14/2023 SC Pro Edition
    Info: Processing started: Fri Oct 17 15:10:04 2025
    Info: System process ID: 1748814
Info: Command: quartus_fit --read_settings_files=on --write_settings_files=off SimpleIOCapExposerKeyMngrV2Tb_design -c SimpleIOCapExposerKeyMngrV2Tb_design
Info: qfit2_default_script.tcl version: #1
Info: Project  = SimpleIOCapExposerKeyMngrV2Tb_design
Info: Revision = SimpleIOCapExposerKeyMngrV2Tb_design
Info (11165): Fitter preparation operations ending: elapsed time is 00:02:16
Info (22300): Design uses Placement Effort Multiplier = 1.0.
Info (14951): The Fitter is using Advanced Physical Optimization.
Info (11888): Total time spent on timing analysis during Global Placement is 0.00 seconds.
Info (18252): The Fitter is using Physical Synthesis.
Info (18258): Fitter Physical Synthesis operations beginning
Info (18259): Fitter Physical Synthesis operations ending: elapsed time is 00:00:06
Info (11888): Total time spent on timing analysis during Physical Synthesis is 0.00 seconds.
Info (11178): Promoted 1 clock 
    Info (18386): CLK_SLOW (3 fanout) drives clock sector (7, 2)
Info (22300): Design uses Placement Effort Multiplier = 1.0.
Info (170189): Fitter placement preparation operations beginning
Info (170190): Fitter placement preparation operations ending: elapsed time is 00:00:25
Info (170191): Fitter placement operations beginning
Info (170137): Fitter placement was successful
Info (170192): Fitter placement operations ending: elapsed time is 00:00:48
Info (11888): Total time spent on timing analysis during Placement is 0.01 seconds.


