Fitter Place Stage Report for SimpleIOCapExposerKeyMngrV2Tb_design
Fri Oct 17 18:55:26 2025
Quartus Prime Version 23.2.0 Build 94 06/14/2023 SC Pro Edition


---------------------
; Table of Contents ;
---------------------
  1. Legal Notice
  2. Fitter Resource Usage Summary
  3. Fitter Resource Utilization by Entity
  4. Global & Other Fast Signals Summary
  5. Global Signal Visualization
  6. Global & Other Fast Signals Details
  7. Non-Global High Fan-Out Signals
  8. Fitter RAM Summary
  9. Fitter Physical RAM Information
 10. Place Messages



----------------
; Legal Notice ;
----------------
Copyright (C) 2023  Intel Corporation. All rights reserved.
Your use of Intel Corporation's design tools, logic functions 
and other software and tools, and any partner logic 
functions, and any output files from any of the foregoing 
(including device programming or simulation files), and any 
associated documentation or information are expressly subject 
to the terms and conditions of the Intel Program License 
Subscription Agreement, the Intel Quartus Prime License Agreement,
the Intel FPGA IP License Agreement, or other applicable license
agreement, including, without limitation, that your use is for
the sole purpose of programming logic devices manufactured by
Intel and sold by Intel or its authorized distributors.  Please
refer to the applicable agreement for further details, at
https://fpgasoftware.intel.com/eula.



+--------------------------------------------------------------------------------------------+
; Fitter Resource Usage Summary                                                              ;
+-------------------------------------------------------------+----------------------+-------+
; Resource                                                    ; Usage                ; %     ;
+-------------------------------------------------------------+----------------------+-------+
; Usage Report Generated after: Place                         ;                      ;       ;
;                                                             ;                      ;       ;
; Logic utilization (ALMs needed / total ALMs on device)      ; 52,418 / 933,120     ; 6 %   ;
; ALMs needed [=A-B+C]                                        ; 52,418               ;       ;
;     [A] ALMs used in final placement [=a+b+c+d]             ; 58,744 / 933,120     ; 6 %   ;
;         [a] ALMs used for LUT logic and register circuitry  ; 13,545               ;       ;
;         [b] ALMs used for LUT logic                         ; 38,745               ;       ;
;         [c] ALMs used for register circuitry                ; 6,454                ;       ;
;         [d] ALMs used for memory (up to half of total ALMs) ; 0                    ;       ;
;     [B] Estimate of ALMs recoverable by dense packing       ; 6,731 / 933,120      ; < 1 % ;
;     [C] Estimate of ALMs unavailable [=a+b+c+d]             ; 405 / 933,120        ; < 1 % ;
;         [a] Due to location constrained logic               ; 0                    ;       ;
;         [b] Due to LAB-wide signal conflicts                ; 0                    ;       ;
;         [c] Due to LAB input limits                         ; 405                  ;       ;
;         [d] Due to virtual I/Os                             ; 0                    ;       ;
;                                                             ;                      ;       ;
; Difficulty packing design                                   ; High                 ;       ;
;                                                             ;                      ;       ;
; Total LABs:  partially or completely used                   ; 6,416 / 93,312       ; 7 %   ;
;     -- Logic LABs                                           ; 6,416                ;       ;
;     -- Memory LABs (up to half of total LABs)               ; 0                    ;       ;
;                                                             ;                      ;       ;
; Combinational ALUT usage for logic                          ; 69,277               ;       ;
;     -- 8 input functions                                    ; 2,101                ;       ;
;     -- 7 input functions                                    ; 232                  ;       ;
;     -- 6 input functions                                    ; 25,673               ;       ;
;     -- 5 input functions                                    ; 12,308               ;       ;
;     -- 4 input functions                                    ; 11,120               ;       ;
;     -- <=3 input functions                                  ; 17,843               ;       ;
; Combinational ALUT usage for route-throughs                 ; 9,680                ;       ;
;                                                             ;                      ;       ;
; Dedicated logic registers                                   ; 42,556               ;       ;
;     -- By type:                                             ;                      ;       ;
;         -- LAB logic registers:                             ;                      ;       ;
;             -- Primary logic registers                      ; 39,997 / 1,866,240   ; 2 %   ;
;             -- Secondary logic registers                    ; 2,559 / 1,866,240    ; < 1 % ;
;         -- Hyper-Registers:                                 ; 0                    ;       ;
;                                                             ;                      ;       ;
; Register control circuitry for power estimation             ; 0                    ;       ;
;                                                             ;                      ;       ;
; ALMs adjustment for power estimation                        ; 3,334                ;       ;
;                                                             ;                      ;       ;
; I/O pins                                                    ; 5 / 1,152            ; < 1 % ;
;     -- Clock pins                                           ; 1 / 88               ; 1 %   ;
;     -- Dedicated input pins                                 ; 0 / 198              ; 0 %   ;
;                                                             ;                      ;       ;
; Hard processor system peripheral utilization                ;                      ;       ;
;     -- Clock resets                                         ; 0 / 1 ( 0 % )        ;       ;
;     -- Cross trigger                                        ; 0 / 1 ( 0 % )        ;       ;
;     -- S2F AXI                                              ; 0 / 1 ( 0 % )        ;       ;
;     -- F2S AXI                                              ; 0 / 1 ( 0 % )        ;       ;
;     -- AXI Lightweight                                      ; 0 / 1 ( 0 % )        ;       ;
;     -- SDRAM                                                ; 0 / 1 ( 0 % )        ;       ;
;     -- Interrupts                                           ; 0 / 1 ( 0 % )        ;       ;
;     -- JTAG                                                 ; 0 / 1 ( 0 % )        ;       ;
;     -- Loan I/O                                             ; 0 / 1 ( 0 % )        ;       ;
;     -- MPU event standby                                    ; 0 / 1 ( 0 % )        ;       ;
;     -- MPU general purpose                                  ; 0 / 1 ( 0 % )        ;       ;
;     -- STM event                                            ; 0 / 1 ( 0 % )        ;       ;
;     -- TPIU trace                                           ; 0 / 1 ( 0 % )        ;       ;
;     -- DMA                                                  ; 0 / 1 ( 0 % )        ;       ;
;     -- EMAC                                                 ; 0 / 3 ( 0 % )        ;       ;
;     -- I2C                                                  ; 0 / 5 ( 0 % )        ;       ;
;     -- NAND Flash                                           ; 0 / 1 ( 0 % )        ;       ;
;     -- SDMMC                                                ; 0 / 1 ( 0 % )        ;       ;
;     -- SPI Master                                           ; 0 / 2 ( 0 % )        ;       ;
;     -- SPI Slave                                            ; 0 / 2 ( 0 % )        ;       ;
;     -- UART                                                 ; 0 / 2 ( 0 % )        ;       ;
;                                                             ;                      ;       ;
; M20K blocks                                                 ; 3 / 11,721           ; < 1 % ;
; Total MLAB memory bits                                      ; 0                    ;       ;
; Total block memory bits                                     ; 1,078 / 240,046,080  ; < 1 % ;
; Total block memory implementation bits                      ; 61,440 / 240,046,080 ; < 1 % ;
;                                                             ;                      ;       ;
; DSP Blocks Needed [=A+B-C]                                  ; 0 / 5,760            ; 0 %   ;
;     [A] Total Fixed Point DSP Blocks                        ; 0                    ;       ;
;     [B] Total Floating Point DSP Blocks                     ; 0                    ;       ;
;     [C] Estimate of DSP Blocks recoverable by dense merging ; 0                    ;       ;
;                                                             ;                      ;       ;
; IOPLLs                                                      ; 0 / 24               ; 0 %   ;
; Global signals                                              ; 1                    ;       ;
; Impedance control blocks                                    ; 0 / 24               ; 0 %   ;
; Maximum fan-out                                             ; 391                  ;       ;
; Highest non-global fan-out                                  ; 391                  ;       ;
; Total fan-out                                               ; 380122               ;       ;
; Average fan-out                                             ; 3.50                 ;       ;
+-------------------------------------------------------------+----------------------+-------+
The Fitter Resource Usage Summary report displays a detailed analysis of logic utilization based on calculations of ALM usage. Refer to <a class="xref" href="https://www.intel.com/content/www/us/en/programmable/quartushelp/current/index.htm#mapIdTopics/mwh1465496451103.htm" target="_blank">Fitter Resource Usage Summary Report</a> in the <i>Intel® Quartus® Prime Pro Edition Help</i> for more information.


+------------------------------------------------------------------------------------------------------------------------------------------------------------------------------------------------------------------------------------------------------------------------------------------------------------------------------------------------------------------------------------------------------------------------------------------------------------------------------------------------------------------------------------------------------------------------------------------------------------------------------------------------+
; Fitter Resource Utilization by Entity                                                                                                                                                                                                                                                                                                                                                                                                                                                                                                                                                                                                          ;
+--------------------------------------------------------------------+----------------------+----------------------------------+---------------------------------------------------+----------------------------------+----------------------+---------------------+---------------------------+---------------+-------------------+-------+--------------------------+----------------------------------------+---------------------------------------------------+------+--------+-------------------------------------------------------------------------------------------+--------------------------------------------------+--------------+
; Compilation Hierarchy Node                                         ; ALMs needed [=A-B+C] ; [A] ALMs used in final placement ; [B] Estimate of ALMs recoverable by dense packing ; [C] Estimate of ALMs unavailable ; ALMs used for memory ; Combinational ALUTs ; Dedicated Logic Registers ; I/O Registers ; Block Memory Bits ; M20Ks ; DSP Blocks needed [=A-B] ; [A] DSP Blocks used in final placement ; [B] Estimate of DSPs recoverable by dense merging ; Pins ; IOPLLs ; Full Hierarchy Name                                                                       ; Entity Name                                      ; Library Name ;
+--------------------------------------------------------------------+----------------------+----------------------------------+---------------------------------------------------+----------------------------------+----------------------+---------------------+---------------------------+---------------+-------------------+-------+--------------------------+----------------------------------------+---------------------------------------------------+------+--------+-------------------------------------------------------------------------------------------+--------------------------------------------------+--------------+
; |                                                                  ; 52423.2 (0.0)        ; 58749.9 (0.0)                    ; 6731.1 (0.0)                                      ; 404.5 (0.0)                      ; 0.0 (0.0)            ; 69277 (0)           ; 42556 (0)                 ; 0 (0)         ; 1078              ; 3     ; 0                        ; 0                                      ; 0                                                 ; 10   ; 0 (0)  ; |                                                                                         ; SimpleIOCapExposerKeyMngrV2Tb_design             ; altera_work  ;
;    |dut|                                                           ; 52251.0 (24834.2)    ; 58313.4 (29073.3)                ; 6451.3 (4579.8)                                   ; 388.9 (340.6)                    ; 0.0 (0.0)            ; 68920 (40521)       ; 41503 (24862)             ; 0 (0)         ; 1078              ; 3     ; 0                        ; 0                                      ; 0                                                 ; 0    ; 0 (0)  ; dut                                                                                       ; mkSimpleIOCapExposerV6_blockinvalid_1percycle_Tb ; altera_work  ;
;       |exposer4x32Impl_arChecker_checkers_0_calc|                  ; 1134.1 (1134.1)      ; 1181.6 (1181.6)                  ; 48.2 (48.2)                                       ; 0.8 (0.8)                        ; 0.0 (0.0)            ; 1234 (1234)         ; 270 (270)                 ; 0 (0)         ; 0                 ; 0     ; 0                        ; 0                                      ; 0                                                 ; 0    ; 0 (0)  ; dut|exposer4x32Impl_arChecker_checkers_0_calc                                             ; mkInternalCalc_2024Aes1RoundPerCycleFast         ; altera_work  ;
;       |exposer4x32Impl_arChecker_checkers_0_decodeInFIFO|          ; 134.4 (134.4)        ; 143.9 (143.9)                    ; 9.7 (9.7)                                         ; 0.1 (0.1)                        ; 0.0 (0.0)            ; 112 (112)           ; 212 (212)                 ; 0 (0)         ; 0                 ; 0     ; 0                        ; 0                                      ; 0                                                 ; 0    ; 0 (0)  ; dut|exposer4x32Impl_arChecker_checkers_0_decodeInFIFO                                     ; FIFO2                                            ; altera_work  ;
;       |exposer4x32Impl_arChecker_checkers_0_decodeOutFIFO|         ; 161.5 (161.5)        ; 183.0 (183.0)                    ; 21.5 (21.5)                                       ; 0.0 (0.0)                        ; 0.0 (0.0)            ; 147 (147)           ; 266 (266)                 ; 0 (0)         ; 0                 ; 0     ; 0                        ; 0                                      ; 0                                                 ; 0    ; 0 (0)  ; dut|exposer4x32Impl_arChecker_checkers_0_decodeOutFIFO                                    ; FIFO2                                            ; altera_work  ;
;       |exposer4x32Impl_arChecker_checkers_0_sigCheckOutFIFO|       ; 6.3 (6.3)            ; 7.7 (7.7)                        ; 1.4 (1.4)                                         ; 0.0 (0.0)                        ; 0.0 (0.0)            ; 7 (7)               ; 10 (10)                   ; 0 (0)         ; 0                 ; 0     ; 0                        ; 0                                      ; 0                                                 ; 0    ; 0 (0)  ; dut|exposer4x32Impl_arChecker_checkers_0_sigCheckOutFIFO                                  ; FIFO2                                            ; altera_work  ;
;       |exposer4x32Impl_arChecker_checkers_1_calc|                  ; 1132.7 (1132.7)      ; 1173.5 (1173.5)                  ; 41.7 (41.7)                                       ; 0.9 (0.9)                        ; 0.0 (0.0)            ; 1234 (1234)         ; 260 (260)                 ; 0 (0)         ; 0                 ; 0     ; 0                        ; 0                                      ; 0                                                 ; 0    ; 0 (0)  ; dut|exposer4x32Impl_arChecker_checkers_1_calc                                             ; mkInternalCalc_2024Aes1RoundPerCycleFast         ; altera_work  ;
;       |exposer4x32Impl_arChecker_checkers_1_decodeInFIFO|          ; 132.9 (132.9)        ; 144.0 (144.0)                    ; 11.1 (11.1)                                       ; 0.0 (0.0)                        ; 0.0 (0.0)            ; 111 (111)           ; 212 (212)                 ; 0 (0)         ; 0                 ; 0     ; 0                        ; 0                                      ; 0                                                 ; 0    ; 0 (0)  ; dut|exposer4x32Impl_arChecker_checkers_1_decodeInFIFO                                     ; FIFO2                                            ; altera_work  ;
;       |exposer4x32Impl_arChecker_checkers_1_decodeOutFIFO|         ; 164.8 (164.8)        ; 181.6 (181.6)                    ; 16.8 (16.8)                                       ; 0.1 (0.1)                        ; 0.0 (0.0)            ; 147 (147)           ; 266 (266)                 ; 0 (0)         ; 0                 ; 0     ; 0                        ; 0                                      ; 0                                                 ; 0    ; 0 (0)  ; dut|exposer4x32Impl_arChecker_checkers_1_decodeOutFIFO                                    ; FIFO2                                            ; altera_work  ;
;       |exposer4x32Impl_arChecker_checkers_1_sigCheckOutFIFO|       ; 5.3 (5.3)            ; 5.3 (5.3)                        ; 0.0 (0.0)                                         ; 0.0 (0.0)                        ; 0.0 (0.0)            ; 7 (7)               ; 4 (4)                     ; 0 (0)         ; 0                 ; 0     ; 0                        ; 0                                      ; 0                                                 ; 0    ; 0 (0)  ; dut|exposer4x32Impl_arChecker_checkers_1_sigCheckOutFIFO                                  ; FIFO2                                            ; altera_work  ;
;       |exposer4x32Impl_arChecker_checkers_2_calc|                  ; 1130.2 (1130.2)      ; 1175.1 (1175.1)                  ; 46.2 (46.2)                                       ; 1.3 (1.3)                        ; 0.0 (0.0)            ; 1234 (1234)         ; 260 (260)                 ; 0 (0)         ; 0                 ; 0     ; 0                        ; 0                                      ; 0                                                 ; 0    ; 0 (0)  ; dut|exposer4x32Impl_arChecker_checkers_2_calc                                             ; mkInternalCalc_2024Aes1RoundPerCycleFast         ; altera_work  ;
;       |exposer4x32Impl_arChecker_checkers_2_decodeInFIFO|          ; 133.4 (133.4)        ; 142.7 (142.7)                    ; 9.3 (9.3)                                         ; 0.0 (0.0)                        ; 0.0 (0.0)            ; 111 (111)           ; 212 (212)                 ; 0 (0)         ; 0                 ; 0     ; 0                        ; 0                                      ; 0                                                 ; 0    ; 0 (0)  ; dut|exposer4x32Impl_arChecker_checkers_2_decodeInFIFO                                     ; FIFO2                                            ; altera_work  ;
;       |exposer4x32Impl_arChecker_checkers_2_decodeOutFIFO|         ; 163.5 (163.5)        ; 185.1 (185.1)                    ; 21.8 (21.8)                                       ; 0.2 (0.2)                        ; 0.0 (0.0)            ; 147 (147)           ; 266 (266)                 ; 0 (0)         ; 0                 ; 0     ; 0                        ; 0                                      ; 0                                                 ; 0    ; 0 (0)  ; dut|exposer4x32Impl_arChecker_checkers_2_decodeOutFIFO                                    ; FIFO2                                            ; altera_work  ;
;       |exposer4x32Impl_arChecker_checkers_2_sigCheckOutFIFO|       ; 5.0 (5.0)            ; 5.0 (5.0)                        ; 0.0 (0.0)                                         ; 0.0 (0.0)                        ; 0.0 (0.0)            ; 7 (7)               ; 4 (4)                     ; 0 (0)         ; 0                 ; 0     ; 0                        ; 0                                      ; 0                                                 ; 0    ; 0 (0)  ; dut|exposer4x32Impl_arChecker_checkers_2_sigCheckOutFIFO                                  ; FIFO2                                            ; altera_work  ;
;       |exposer4x32Impl_arChecker_checkers_3_calc|                  ; 1116.8 (1116.8)      ; 1167.6 (1167.6)                  ; 52.3 (52.3)                                       ; 1.5 (1.5)                        ; 0.0 (0.0)            ; 1233 (1233)         ; 260 (260)                 ; 0 (0)         ; 0                 ; 0     ; 0                        ; 0                                      ; 0                                                 ; 0    ; 0 (0)  ; dut|exposer4x32Impl_arChecker_checkers_3_calc                                             ; mkInternalCalc_2024Aes1RoundPerCycleFast         ; altera_work  ;
;       |exposer4x32Impl_arChecker_checkers_3_decodeInFIFO|          ; 133.1 (133.1)        ; 139.0 (139.0)                    ; 5.9 (5.9)                                         ; 0.0 (0.0)                        ; 0.0 (0.0)            ; 111 (111)           ; 212 (212)                 ; 0 (0)         ; 0                 ; 0     ; 0                        ; 0                                      ; 0                                                 ; 0    ; 0 (0)  ; dut|exposer4x32Impl_arChecker_checkers_3_decodeInFIFO                                     ; FIFO2                                            ; altera_work  ;
;       |exposer4x32Impl_arChecker_checkers_3_decodeOutFIFO|         ; 161.3 (161.3)        ; 183.0 (183.0)                    ; 21.8 (21.8)                                       ; 0.0 (0.0)                        ; 0.0 (0.0)            ; 147 (147)           ; 266 (266)                 ; 0 (0)         ; 0                 ; 0     ; 0                        ; 0                                      ; 0                                                 ; 0    ; 0 (0)  ; dut|exposer4x32Impl_arChecker_checkers_3_decodeOutFIFO                                    ; FIFO2                                            ; altera_work  ;
;       |exposer4x32Impl_arChecker_checkers_3_sigCheckOutFIFO|       ; 5.0 (5.0)            ; 5.7 (5.7)                        ; 0.7 (0.7)                                         ; 0.0 (0.0)                        ; 0.0 (0.0)            ; 8 (8)               ; 4 (4)                     ; 0 (0)         ; 0                 ; 0     ; 0                        ; 0                                      ; 0                                                 ; 0    ; 0 (0)  ; dut|exposer4x32Impl_arChecker_checkers_3_sigCheckOutFIFO                                  ; FIFO2                                            ; altera_work  ;
;       |exposer4x32Impl_arChecker_checkers_4_calc|                  ; 1118.5 (1118.5)      ; 1164.0 (1164.0)                  ; 46.8 (46.8)                                       ; 1.3 (1.3)                        ; 0.0 (0.0)            ; 1225 (1225)         ; 273 (273)                 ; 0 (0)         ; 0                 ; 0     ; 0                        ; 0                                      ; 0                                                 ; 0    ; 0 (0)  ; dut|exposer4x32Impl_arChecker_checkers_4_calc                                             ; mkInternalCalc_2024Aes1RoundPerCycleFast         ; altera_work  ;
;       |exposer4x32Impl_arChecker_checkers_4_decodeInFIFO|          ; 132.9 (132.9)        ; 142.5 (142.5)                    ; 9.8 (9.8)                                         ; 0.2 (0.2)                        ; 0.0 (0.0)            ; 111 (111)           ; 212 (212)                 ; 0 (0)         ; 0                 ; 0     ; 0                        ; 0                                      ; 0                                                 ; 0    ; 0 (0)  ; dut|exposer4x32Impl_arChecker_checkers_4_decodeInFIFO                                     ; FIFO2                                            ; altera_work  ;
;       |exposer4x32Impl_arChecker_checkers_4_decodeOutFIFO|         ; 164.6 (164.6)        ; 190.3 (190.3)                    ; 25.9 (25.9)                                       ; 0.2 (0.2)                        ; 0.0 (0.0)            ; 147 (147)           ; 266 (266)                 ; 0 (0)         ; 0                 ; 0     ; 0                        ; 0                                      ; 0                                                 ; 0    ; 0 (0)  ; dut|exposer4x32Impl_arChecker_checkers_4_decodeOutFIFO                                    ; FIFO2                                            ; altera_work  ;
;       |exposer4x32Impl_arChecker_checkers_4_sigCheckOutFIFO|       ; 4.9 (4.9)            ; 5.2 (5.2)                        ; 0.3 (0.3)                                         ; 0.0 (0.0)                        ; 0.0 (0.0)            ; 7 (7)               ; 4 (4)                     ; 0 (0)         ; 0                 ; 0     ; 0                        ; 0                                      ; 0                                                 ; 0    ; 0 (0)  ; dut|exposer4x32Impl_arChecker_checkers_4_sigCheckOutFIFO                                  ; FIFO2                                            ; altera_work  ;
;       |exposer4x32Impl_arChecker_checkers_5_calc|                  ; 1120.3 (1120.3)      ; 1160.6 (1160.6)                  ; 41.0 (41.0)                                       ; 0.8 (0.8)                        ; 0.0 (0.0)            ; 1233 (1233)         ; 260 (260)                 ; 0 (0)         ; 0                 ; 0     ; 0                        ; 0                                      ; 0                                                 ; 0    ; 0 (0)  ; dut|exposer4x32Impl_arChecker_checkers_5_calc                                             ; mkInternalCalc_2024Aes1RoundPerCycleFast         ; altera_work  ;
;       |exposer4x32Impl_arChecker_checkers_5_decodeInFIFO|          ; 202.2 (202.2)        ; 274.0 (274.0)                    ; 73.3 (73.3)                                       ; 1.5 (1.5)                        ; 0.0 (0.0)            ; 112 (112)           ; 428 (428)                 ; 0 (0)         ; 0                 ; 0     ; 0                        ; 0                                      ; 0                                                 ; 0    ; 0 (0)  ; dut|exposer4x32Impl_arChecker_checkers_5_decodeInFIFO                                     ; FIFO2                                            ; altera_work  ;
;       |exposer4x32Impl_arChecker_checkers_5_decodeOutFIFO|         ; 165.5 (165.5)        ; 181.3 (181.3)                    ; 16.3 (16.3)                                       ; 0.6 (0.6)                        ; 0.0 (0.0)            ; 147 (147)           ; 266 (266)                 ; 0 (0)         ; 0                 ; 0     ; 0                        ; 0                                      ; 0                                                 ; 0    ; 0 (0)  ; dut|exposer4x32Impl_arChecker_checkers_5_decodeOutFIFO                                    ; FIFO2                                            ; altera_work  ;
;       |exposer4x32Impl_arChecker_checkers_5_sigCheckOutFIFO|       ; 4.9 (4.9)            ; 5.7 (5.7)                        ; 0.7 (0.7)                                         ; 0.0 (0.0)                        ; 0.0 (0.0)            ; 8 (8)               ; 4 (4)                     ; 0 (0)         ; 0                 ; 0     ; 0                        ; 0                                      ; 0                                                 ; 0    ; 0 (0)  ; dut|exposer4x32Impl_arChecker_checkers_5_sigCheckOutFIFO                                  ; FIFO2                                            ; altera_work  ;
;       |exposer4x32Impl_arChecker_checkers_6_calc|                  ; 1120.2 (1120.2)      ; 1165.1 (1165.1)                  ; 46.4 (46.4)                                       ; 1.6 (1.6)                        ; 0.0 (0.0)            ; 1225 (1225)         ; 271 (271)                 ; 0 (0)         ; 0                 ; 0     ; 0                        ; 0                                      ; 0                                                 ; 0    ; 0 (0)  ; dut|exposer4x32Impl_arChecker_checkers_6_calc                                             ; mkInternalCalc_2024Aes1RoundPerCycleFast         ; altera_work  ;
;       |exposer4x32Impl_arChecker_checkers_6_decodeInFIFO|          ; 135.1 (135.1)        ; 152.7 (152.7)                    ; 17.7 (17.7)                                       ; 0.1 (0.1)                        ; 0.0 (0.0)            ; 112 (112)           ; 221 (221)                 ; 0 (0)         ; 0                 ; 0     ; 0                        ; 0                                      ; 0                                                 ; 0    ; 0 (0)  ; dut|exposer4x32Impl_arChecker_checkers_6_decodeInFIFO                                     ; FIFO2                                            ; altera_work  ;
;       |exposer4x32Impl_arChecker_checkers_6_decodeOutFIFO|         ; 163.3 (163.3)        ; 184.4 (184.4)                    ; 21.2 (21.2)                                       ; 0.1 (0.1)                        ; 0.0 (0.0)            ; 147 (147)           ; 266 (266)                 ; 0 (0)         ; 0                 ; 0     ; 0                        ; 0                                      ; 0                                                 ; 0    ; 0 (0)  ; dut|exposer4x32Impl_arChecker_checkers_6_decodeOutFIFO                                    ; FIFO2                                            ; altera_work  ;
;       |exposer4x32Impl_arChecker_checkers_6_sigCheckOutFIFO|       ; 4.6 (4.6)            ; 5.2 (5.2)                        ; 0.6 (0.6)                                         ; 0.0 (0.0)                        ; 0.0 (0.0)            ; 7 (7)               ; 4 (4)                     ; 0 (0)         ; 0                 ; 0     ; 0                        ; 0                                      ; 0                                                 ; 0    ; 0 (0)  ; dut|exposer4x32Impl_arChecker_checkers_6_sigCheckOutFIFO                                  ; FIFO2                                            ; altera_work  ;
;       |exposer4x32Impl_arChecker_checkers_7_calc|                  ; 1115.4 (1115.4)      ; 1161.5 (1161.5)                  ; 47.3 (47.3)                                       ; 1.3 (1.3)                        ; 0.0 (0.0)            ; 1225 (1225)         ; 260 (260)                 ; 0 (0)         ; 0                 ; 0     ; 0                        ; 0                                      ; 0                                                 ; 0    ; 0 (0)  ; dut|exposer4x32Impl_arChecker_checkers_7_calc                                             ; mkInternalCalc_2024Aes1RoundPerCycleFast         ; altera_work  ;
;       |exposer4x32Impl_arChecker_checkers_7_decodeInFIFO|          ; 133.8 (133.8)        ; 141.0 (141.0)                    ; 7.2 (7.2)                                         ; 0.0 (0.0)                        ; 0.0 (0.0)            ; 111 (111)           ; 212 (212)                 ; 0 (0)         ; 0                 ; 0     ; 0                        ; 0                                      ; 0                                                 ; 0    ; 0 (0)  ; dut|exposer4x32Impl_arChecker_checkers_7_decodeInFIFO                                     ; FIFO2                                            ; altera_work  ;
;       |exposer4x32Impl_arChecker_checkers_7_decodeOutFIFO|         ; 164.3 (164.3)        ; 188.0 (188.0)                    ; 23.7 (23.7)                                       ; 0.0 (0.0)                        ; 0.0 (0.0)            ; 147 (147)           ; 266 (266)                 ; 0 (0)         ; 0                 ; 0     ; 0                        ; 0                                      ; 0                                                 ; 0    ; 0 (0)  ; dut|exposer4x32Impl_arChecker_checkers_7_decodeOutFIFO                                    ; FIFO2                                            ; altera_work  ;
;       |exposer4x32Impl_arChecker_checkers_7_sigCheckOutFIFO|       ; 5.1 (5.1)            ; 5.2 (5.2)                        ; 0.3 (0.3)                                         ; 0.1 (0.1)                        ; 0.0 (0.0)            ; 7 (7)               ; 4 (4)                     ; 0 (0)         ; 0                 ; 0     ; 0                        ; 0                                      ; 0                                                 ; 0    ; 0 (0)  ; dut|exposer4x32Impl_arChecker_checkers_7_sigCheckOutFIFO                                  ; FIFO2                                            ; altera_work  ;
;       |exposer4x32Impl_arChecker_checkers_8_calc|                  ; 1117.0 (1117.0)      ; 1159.8 (1159.8)                  ; 43.0 (43.0)                                       ; 0.1 (0.1)                        ; 0.0 (0.0)            ; 1225 (1225)         ; 260 (260)                 ; 0 (0)         ; 0                 ; 0     ; 0                        ; 0                                      ; 0                                                 ; 0    ; 0 (0)  ; dut|exposer4x32Impl_arChecker_checkers_8_calc                                             ; mkInternalCalc_2024Aes1RoundPerCycleFast         ; altera_work  ;
;       |exposer4x32Impl_arChecker_checkers_8_decodeInFIFO|          ; 134.8 (134.8)        ; 144.5 (144.5)                    ; 9.7 (9.7)                                         ; 0.0 (0.0)                        ; 0.0 (0.0)            ; 112 (112)           ; 212 (212)                 ; 0 (0)         ; 0                 ; 0     ; 0                        ; 0                                      ; 0                                                 ; 0    ; 0 (0)  ; dut|exposer4x32Impl_arChecker_checkers_8_decodeInFIFO                                     ; FIFO2                                            ; altera_work  ;
;       |exposer4x32Impl_arChecker_checkers_8_decodeOutFIFO|         ; 160.8 (160.8)        ; 191.6 (191.6)                    ; 31.0 (31.0)                                       ; 0.2 (0.2)                        ; 0.0 (0.0)            ; 147 (147)           ; 266 (266)                 ; 0 (0)         ; 0                 ; 0     ; 0                        ; 0                                      ; 0                                                 ; 0    ; 0 (0)  ; dut|exposer4x32Impl_arChecker_checkers_8_decodeOutFIFO                                    ; FIFO2                                            ; altera_work  ;
;       |exposer4x32Impl_arChecker_checkers_8_sigCheckOutFIFO|       ; 5.2 (5.2)            ; 5.3 (5.3)                        ; 0.2 (0.2)                                         ; 0.1 (0.1)                        ; 0.0 (0.0)            ; 7 (7)               ; 4 (4)                     ; 0 (0)         ; 0                 ; 0     ; 0                        ; 0                                      ; 0                                                 ; 0    ; 0 (0)  ; dut|exposer4x32Impl_arChecker_checkers_8_sigCheckOutFIFO                                  ; FIFO2                                            ; altera_work  ;
;       |exposer4x32Impl_arIn_authFlitFIFO|                          ; 438.1 (438.1)        ; 460.8 (460.8)                    ; 29.9 (29.9)                                       ; 7.2 (7.2)                        ; 0.0 (0.0)            ; 352 (352)           ; 692 (692)                 ; 0 (0)         ; 0                 ; 0     ; 0                        ; 0                                      ; 0                                                 ; 0    ; 0 (0)  ; dut|exposer4x32Impl_arIn_authFlitFIFO                                                     ; FIFO2                                            ; altera_work  ;
;       |exposer4x32Impl_arIn_inFlitsFIFO|                           ; 199.6 (199.6)        ; 228.0 (228.0)                    ; 29.1 (29.1)                                       ; 0.8 (0.8)                        ; 0.0 (0.0)            ; 167 (167)           ; 323 (323)                 ; 0 (0)         ; 0                 ; 0     ; 0                        ; 0                                      ; 0                                                 ; 0    ; 0 (0)  ; dut|exposer4x32Impl_arIn_inFlitsFIFO                                                      ; FIFO2                                            ; altera_work  ;
;       |exposer4x32Impl_arOut|                                      ; 64.1 (64.1)          ; 69.8 (69.8)                      ; 6.5 (6.5)                                         ; 0.8 (0.8)                        ; 0.0 (0.0)            ; 56 (56)             ; 100 (100)                 ; 0 (0)         ; 0                 ; 0     ; 0                        ; 0                                      ; 0                                                 ; 0    ; 0 (0)  ; dut|exposer4x32Impl_arOut                                                                 ; FIFO2                                            ; altera_work  ;
;       |exposer4x32Impl_awChecker_checkers_0_calc|                  ; 1129.8 (1129.8)      ; 1182.3 (1182.3)                  ; 53.8 (53.8)                                       ; 1.3 (1.3)                        ; 0.0 (0.0)            ; 1235 (1235)         ; 260 (260)                 ; 0 (0)         ; 0                 ; 0     ; 0                        ; 0                                      ; 0                                                 ; 0    ; 0 (0)  ; dut|exposer4x32Impl_awChecker_checkers_0_calc                                             ; mkInternalCalc_2024Aes1RoundPerCycleFast         ; altera_work  ;
;       |exposer4x32Impl_awChecker_checkers_0_decodeInFIFO|          ; 121.7 (121.7)        ; 174.9 (174.9)                    ; 53.9 (53.9)                                       ; 0.8 (0.8)                        ; 0.0 (0.0)            ; 113 (113)           ; 288 (288)                 ; 0 (0)         ; 0                 ; 0     ; 0                        ; 0                                      ; 0                                                 ; 0    ; 0 (0)  ; dut|exposer4x32Impl_awChecker_checkers_0_decodeInFIFO                                     ; FIFO2                                            ; altera_work  ;
;       |exposer4x32Impl_awChecker_checkers_0_decodeOutFIFO|         ; 165.4 (165.4)        ; 190.0 (190.0)                    ; 24.7 (24.7)                                       ; 0.1 (0.1)                        ; 0.0 (0.0)            ; 146 (146)           ; 266 (266)                 ; 0 (0)         ; 0                 ; 0     ; 0                        ; 0                                      ; 0                                                 ; 0    ; 0 (0)  ; dut|exposer4x32Impl_awChecker_checkers_0_decodeOutFIFO                                    ; FIFO2                                            ; altera_work  ;
;       |exposer4x32Impl_awChecker_checkers_0_sigCheckOutFIFO|       ; 5.2 (5.2)            ; 5.2 (5.2)                        ; 0.3 (0.3)                                         ; 0.3 (0.3)                        ; 0.0 (0.0)            ; 7 (7)               ; 4 (4)                     ; 0 (0)         ; 0                 ; 0     ; 0                        ; 0                                      ; 0                                                 ; 0    ; 0 (0)  ; dut|exposer4x32Impl_awChecker_checkers_0_sigCheckOutFIFO                                  ; FIFO2                                            ; altera_work  ;
;       |exposer4x32Impl_awChecker_checkers_1_calc|                  ; 1131.2 (1131.2)      ; 1176.7 (1176.7)                  ; 46.1 (46.1)                                       ; 0.5 (0.5)                        ; 0.0 (0.0)            ; 1234 (1234)         ; 260 (260)                 ; 0 (0)         ; 0                 ; 0     ; 0                        ; 0                                      ; 0                                                 ; 0    ; 0 (0)  ; dut|exposer4x32Impl_awChecker_checkers_1_calc                                             ; mkInternalCalc_2024Aes1RoundPerCycleFast         ; altera_work  ;
;       |exposer4x32Impl_awChecker_checkers_1_decodeInFIFO|          ; 132.4 (132.4)        ; 146.3 (146.3)                    ; 14.0 (14.0)                                       ; 0.2 (0.2)                        ; 0.0 (0.0)            ; 111 (111)           ; 212 (212)                 ; 0 (0)         ; 0                 ; 0     ; 0                        ; 0                                      ; 0                                                 ; 0    ; 0 (0)  ; dut|exposer4x32Impl_awChecker_checkers_1_decodeInFIFO                                     ; FIFO2                                            ; altera_work  ;
;       |exposer4x32Impl_awChecker_checkers_1_decodeOutFIFO|         ; 163.0 (163.0)        ; 185.3 (185.3)                    ; 22.3 (22.3)                                       ; 0.0 (0.0)                        ; 0.0 (0.0)            ; 146 (146)           ; 266 (266)                 ; 0 (0)         ; 0                 ; 0     ; 0                        ; 0                                      ; 0                                                 ; 0    ; 0 (0)  ; dut|exposer4x32Impl_awChecker_checkers_1_decodeOutFIFO                                    ; FIFO2                                            ; altera_work  ;
;       |exposer4x32Impl_awChecker_checkers_1_sigCheckOutFIFO|       ; 5.5 (5.5)            ; 5.5 (5.5)                        ; 0.2 (0.2)                                         ; 0.1 (0.1)                        ; 0.0 (0.0)            ; 7 (7)               ; 4 (4)                     ; 0 (0)         ; 0                 ; 0     ; 0                        ; 0                                      ; 0                                                 ; 0    ; 0 (0)  ; dut|exposer4x32Impl_awChecker_checkers_1_sigCheckOutFIFO                                  ; FIFO2                                            ; altera_work  ;
;       |exposer4x32Impl_awChecker_checkers_2_calc|                  ; 1131.1 (1131.1)      ; 1162.5 (1162.5)                  ; 32.4 (32.4)                                       ; 1.0 (1.0)                        ; 0.0 (0.0)            ; 1234 (1234)         ; 260 (260)                 ; 0 (0)         ; 0                 ; 0     ; 0                        ; 0                                      ; 0                                                 ; 0    ; 0 (0)  ; dut|exposer4x32Impl_awChecker_checkers_2_calc                                             ; mkInternalCalc_2024Aes1RoundPerCycleFast         ; altera_work  ;
;       |exposer4x32Impl_awChecker_checkers_2_decodeInFIFO|          ; 133.5 (133.5)        ; 144.8 (144.8)                    ; 11.4 (11.4)                                       ; 0.1 (0.1)                        ; 0.0 (0.0)            ; 111 (111)           ; 216 (216)                 ; 0 (0)         ; 0                 ; 0     ; 0                        ; 0                                      ; 0                                                 ; 0    ; 0 (0)  ; dut|exposer4x32Impl_awChecker_checkers_2_decodeInFIFO                                     ; FIFO2                                            ; altera_work  ;
;       |exposer4x32Impl_awChecker_checkers_2_decodeOutFIFO|         ; 165.0 (165.0)        ; 186.4 (186.4)                    ; 21.6 (21.6)                                       ; 0.2 (0.2)                        ; 0.0 (0.0)            ; 147 (147)           ; 266 (266)                 ; 0 (0)         ; 0                 ; 0     ; 0                        ; 0                                      ; 0                                                 ; 0    ; 0 (0)  ; dut|exposer4x32Impl_awChecker_checkers_2_decodeOutFIFO                                    ; FIFO2                                            ; altera_work  ;
;       |exposer4x32Impl_awChecker_checkers_2_sigCheckOutFIFO|       ; 5.4 (5.4)            ; 5.5 (5.5)                        ; 0.2 (0.2)                                         ; 0.1 (0.1)                        ; 0.0 (0.0)            ; 7 (7)               ; 4 (4)                     ; 0 (0)         ; 0                 ; 0     ; 0                        ; 0                                      ; 0                                                 ; 0    ; 0 (0)  ; dut|exposer4x32Impl_awChecker_checkers_2_sigCheckOutFIFO                                  ; FIFO2                                            ; altera_work  ;
;       |exposer4x32Impl_awChecker_checkers_3_calc|                  ; 1117.7 (1117.7)      ; 1169.7 (1169.7)                  ; 52.9 (52.9)                                       ; 0.9 (0.9)                        ; 0.0 (0.0)            ; 1233 (1233)         ; 260 (260)                 ; 0 (0)         ; 0                 ; 0     ; 0                        ; 0                                      ; 0                                                 ; 0    ; 0 (0)  ; dut|exposer4x32Impl_awChecker_checkers_3_calc                                             ; mkInternalCalc_2024Aes1RoundPerCycleFast         ; altera_work  ;
;       |exposer4x32Impl_awChecker_checkers_3_decodeInFIFO|          ; 157.4 (157.4)        ; 207.2 (207.2)                    ; 50.5 (50.5)                                       ; 0.8 (0.8)                        ; 0.0 (0.0)            ; 111 (111)           ; 300 (300)                 ; 0 (0)         ; 0                 ; 0     ; 0                        ; 0                                      ; 0                                                 ; 0    ; 0 (0)  ; dut|exposer4x32Impl_awChecker_checkers_3_decodeInFIFO                                     ; FIFO2                                            ; altera_work  ;
;       |exposer4x32Impl_awChecker_checkers_3_decodeOutFIFO|         ; 162.3 (162.3)        ; 184.6 (184.6)                    ; 22.3 (22.3)                                       ; 0.0 (0.0)                        ; 0.0 (0.0)            ; 146 (146)           ; 266 (266)                 ; 0 (0)         ; 0                 ; 0     ; 0                        ; 0                                      ; 0                                                 ; 0    ; 0 (0)  ; dut|exposer4x32Impl_awChecker_checkers_3_decodeOutFIFO                                    ; FIFO2                                            ; altera_work  ;
;       |exposer4x32Impl_awChecker_checkers_3_sigCheckOutFIFO|       ; 5.2 (5.2)            ; 5.2 (5.2)                        ; 0.0 (0.0)                                         ; 0.0 (0.0)                        ; 0.0 (0.0)            ; 8 (8)               ; 4 (4)                     ; 0 (0)         ; 0                 ; 0     ; 0                        ; 0                                      ; 0                                                 ; 0    ; 0 (0)  ; dut|exposer4x32Impl_awChecker_checkers_3_sigCheckOutFIFO                                  ; FIFO2                                            ; altera_work  ;
;       |exposer4x32Impl_awChecker_checkers_4_calc|                  ; 1115.0 (1115.0)      ; 1158.8 (1158.8)                  ; 44.7 (44.7)                                       ; 0.8 (0.8)                        ; 0.0 (0.0)            ; 1225 (1225)         ; 260 (260)                 ; 0 (0)         ; 0                 ; 0     ; 0                        ; 0                                      ; 0                                                 ; 0    ; 0 (0)  ; dut|exposer4x32Impl_awChecker_checkers_4_calc                                             ; mkInternalCalc_2024Aes1RoundPerCycleFast         ; altera_work  ;
;       |exposer4x32Impl_awChecker_checkers_4_decodeInFIFO|          ; 132.4 (132.4)        ; 143.3 (143.3)                    ; 10.9 (10.9)                                       ; 0.0 (0.0)                        ; 0.0 (0.0)            ; 111 (111)           ; 212 (212)                 ; 0 (0)         ; 0                 ; 0     ; 0                        ; 0                                      ; 0                                                 ; 0    ; 0 (0)  ; dut|exposer4x32Impl_awChecker_checkers_4_decodeInFIFO                                     ; FIFO2                                            ; altera_work  ;
;       |exposer4x32Impl_awChecker_checkers_4_decodeOutFIFO|         ; 162.3 (162.3)        ; 189.2 (189.2)                    ; 26.9 (26.9)                                       ; 0.0 (0.0)                        ; 0.0 (0.0)            ; 146 (146)           ; 266 (266)                 ; 0 (0)         ; 0                 ; 0     ; 0                        ; 0                                      ; 0                                                 ; 0    ; 0 (0)  ; dut|exposer4x32Impl_awChecker_checkers_4_decodeOutFIFO                                    ; FIFO2                                            ; altera_work  ;
;       |exposer4x32Impl_awChecker_checkers_4_sigCheckOutFIFO|       ; 4.8 (4.8)            ; 4.8 (4.8)                        ; 0.0 (0.0)                                         ; 0.0 (0.0)                        ; 0.0 (0.0)            ; 7 (7)               ; 4 (4)                     ; 0 (0)         ; 0                 ; 0     ; 0                        ; 0                                      ; 0                                                 ; 0    ; 0 (0)  ; dut|exposer4x32Impl_awChecker_checkers_4_sigCheckOutFIFO                                  ; FIFO2                                            ; altera_work  ;
;       |exposer4x32Impl_awChecker_checkers_5_calc|                  ; 1118.1 (1118.1)      ; 1166.4 (1166.4)                  ; 50.0 (50.0)                                       ; 1.7 (1.7)                        ; 0.0 (0.0)            ; 1233 (1233)         ; 270 (270)                 ; 0 (0)         ; 0                 ; 0     ; 0                        ; 0                                      ; 0                                                 ; 0    ; 0 (0)  ; dut|exposer4x32Impl_awChecker_checkers_5_calc                                             ; mkInternalCalc_2024Aes1RoundPerCycleFast         ; altera_work  ;
;       |exposer4x32Impl_awChecker_checkers_5_decodeInFIFO|          ; 157.0 (157.0)        ; 217.6 (217.6)                    ; 61.1 (61.1)                                       ; 0.5 (0.5)                        ; 0.0 (0.0)            ; 111 (111)           ; 308 (308)                 ; 0 (0)         ; 0                 ; 0     ; 0                        ; 0                                      ; 0                                                 ; 0    ; 0 (0)  ; dut|exposer4x32Impl_awChecker_checkers_5_decodeInFIFO                                     ; FIFO2                                            ; altera_work  ;
;       |exposer4x32Impl_awChecker_checkers_5_decodeOutFIFO|         ; 160.6 (160.6)        ; 185.3 (185.3)                    ; 24.7 (24.7)                                       ; 0.0 (0.0)                        ; 0.0 (0.0)            ; 146 (146)           ; 266 (266)                 ; 0 (0)         ; 0                 ; 0     ; 0                        ; 0                                      ; 0                                                 ; 0    ; 0 (0)  ; dut|exposer4x32Impl_awChecker_checkers_5_decodeOutFIFO                                    ; FIFO2                                            ; altera_work  ;
;       |exposer4x32Impl_awChecker_checkers_5_sigCheckOutFIFO|       ; 8.5 (8.5)            ; 9.7 (9.7)                        ; 1.5 (1.5)                                         ; 0.2 (0.2)                        ; 0.0 (0.0)            ; 8 (8)               ; 15 (15)                   ; 0 (0)         ; 0                 ; 0     ; 0                        ; 0                                      ; 0                                                 ; 0    ; 0 (0)  ; dut|exposer4x32Impl_awChecker_checkers_5_sigCheckOutFIFO                                  ; FIFO2                                            ; altera_work  ;
;       |exposer4x32Impl_awChecker_checkers_6_calc|                  ; 1114.4 (1114.4)      ; 1161.8 (1161.8)                  ; 48.4 (48.4)                                       ; 1.0 (1.0)                        ; 0.0 (0.0)            ; 1225 (1225)         ; 260 (260)                 ; 0 (0)         ; 0                 ; 0     ; 0                        ; 0                                      ; 0                                                 ; 0    ; 0 (0)  ; dut|exposer4x32Impl_awChecker_checkers_6_calc                                             ; mkInternalCalc_2024Aes1RoundPerCycleFast         ; altera_work  ;
;       |exposer4x32Impl_awChecker_checkers_6_decodeInFIFO|          ; 134.7 (134.7)        ; 142.4 (142.4)                    ; 7.7 (7.7)                                         ; 0.0 (0.0)                        ; 0.0 (0.0)            ; 112 (112)           ; 212 (212)                 ; 0 (0)         ; 0                 ; 0     ; 0                        ; 0                                      ; 0                                                 ; 0    ; 0 (0)  ; dut|exposer4x32Impl_awChecker_checkers_6_decodeInFIFO                                     ; FIFO2                                            ; altera_work  ;
;       |exposer4x32Impl_awChecker_checkers_6_decodeOutFIFO|         ; 163.4 (163.4)        ; 187.6 (187.6)                    ; 24.2 (24.2)                                       ; 0.0 (0.0)                        ; 0.0 (0.0)            ; 146 (146)           ; 266 (266)                 ; 0 (0)         ; 0                 ; 0     ; 0                        ; 0                                      ; 0                                                 ; 0    ; 0 (0)  ; dut|exposer4x32Impl_awChecker_checkers_6_decodeOutFIFO                                    ; FIFO2                                            ; altera_work  ;
;       |exposer4x32Impl_awChecker_checkers_6_sigCheckOutFIFO|       ; 5.3 (5.3)            ; 5.3 (5.3)                        ; 0.0 (0.0)                                         ; 0.0 (0.0)                        ; 0.0 (0.0)            ; 7 (7)               ; 4 (4)                     ; 0 (0)         ; 0                 ; 0     ; 0                        ; 0                                      ; 0                                                 ; 0    ; 0 (0)  ; dut|exposer4x32Impl_awChecker_checkers_6_sigCheckOutFIFO                                  ; FIFO2                                            ; altera_work  ;
;       |exposer4x32Impl_awChecker_checkers_7_calc|                  ; 1114.2 (1114.2)      ; 1166.8 (1166.8)                  ; 53.8 (53.8)                                       ; 1.1 (1.1)                        ; 0.0 (0.0)            ; 1225 (1225)         ; 264 (264)                 ; 0 (0)         ; 0                 ; 0     ; 0                        ; 0                                      ; 0                                                 ; 0    ; 0 (0)  ; dut|exposer4x32Impl_awChecker_checkers_7_calc                                             ; mkInternalCalc_2024Aes1RoundPerCycleFast         ; altera_work  ;
;       |exposer4x32Impl_awChecker_checkers_7_decodeInFIFO|          ; 147.3 (147.3)        ; 174.1 (174.1)                    ; 27.5 (27.5)                                       ; 0.7 (0.7)                        ; 0.0 (0.0)            ; 111 (111)           ; 260 (260)                 ; 0 (0)         ; 0                 ; 0     ; 0                        ; 0                                      ; 0                                                 ; 0    ; 0 (0)  ; dut|exposer4x32Impl_awChecker_checkers_7_decodeInFIFO                                     ; FIFO2                                            ; altera_work  ;
;       |exposer4x32Impl_awChecker_checkers_7_decodeOutFIFO|         ; 166.8 (166.8)        ; 185.5 (185.5)                    ; 18.9 (18.9)                                       ; 0.2 (0.2)                        ; 0.0 (0.0)            ; 146 (146)           ; 266 (266)                 ; 0 (0)         ; 0                 ; 0     ; 0                        ; 0                                      ; 0                                                 ; 0    ; 0 (0)  ; dut|exposer4x32Impl_awChecker_checkers_7_decodeOutFIFO                                    ; FIFO2                                            ; altera_work  ;
;       |exposer4x32Impl_awChecker_checkers_7_sigCheckOutFIFO|       ; 5.0 (5.0)            ; 5.0 (5.0)                        ; 0.1 (0.1)                                         ; 0.0 (0.0)                        ; 0.0 (0.0)            ; 7 (7)               ; 4 (4)                     ; 0 (0)         ; 0                 ; 0     ; 0                        ; 0                                      ; 0                                                 ; 0    ; 0 (0)  ; dut|exposer4x32Impl_awChecker_checkers_7_sigCheckOutFIFO                                  ; FIFO2                                            ; altera_work  ;
;       |exposer4x32Impl_awChecker_checkers_8_calc|                  ; 1117.6 (1117.6)      ; 1169.4 (1169.4)                  ; 53.8 (53.8)                                       ; 2.0 (2.0)                        ; 0.0 (0.0)            ; 1225 (1225)         ; 260 (260)                 ; 0 (0)         ; 0                 ; 0     ; 0                        ; 0                                      ; 0                                                 ; 0    ; 0 (0)  ; dut|exposer4x32Impl_awChecker_checkers_8_calc                                             ; mkInternalCalc_2024Aes1RoundPerCycleFast         ; altera_work  ;
;       |exposer4x32Impl_awChecker_checkers_8_decodeInFIFO|          ; 137.5 (137.5)        ; 155.0 (155.0)                    ; 17.5 (17.5)                                       ; 0.1 (0.1)                        ; 0.0 (0.0)            ; 112 (112)           ; 228 (228)                 ; 0 (0)         ; 0                 ; 0     ; 0                        ; 0                                      ; 0                                                 ; 0    ; 0 (0)  ; dut|exposer4x32Impl_awChecker_checkers_8_decodeInFIFO                                     ; FIFO2                                            ; altera_work  ;
;       |exposer4x32Impl_awChecker_checkers_8_decodeOutFIFO|         ; 163.9 (163.9)        ; 186.8 (186.8)                    ; 22.9 (22.9)                                       ; 0.0 (0.0)                        ; 0.0 (0.0)            ; 146 (146)           ; 266 (266)                 ; 0 (0)         ; 0                 ; 0     ; 0                        ; 0                                      ; 0                                                 ; 0    ; 0 (0)  ; dut|exposer4x32Impl_awChecker_checkers_8_decodeOutFIFO                                    ; FIFO2                                            ; altera_work  ;
;       |exposer4x32Impl_awChecker_checkers_8_sigCheckOutFIFO|       ; 5.2 (5.2)            ; 5.7 (5.7)                        ; 0.5 (0.5)                                         ; 0.1 (0.1)                        ; 0.0 (0.0)            ; 7 (7)               ; 4 (4)                     ; 0 (0)         ; 0                 ; 0     ; 0                        ; 0                                      ; 0                                                 ; 0    ; 0 (0)  ; dut|exposer4x32Impl_awChecker_checkers_8_sigCheckOutFIFO                                  ; FIFO2                                            ; altera_work  ;
;       |exposer4x32Impl_awIn_authFlitFIFO|                          ; 428.7 (428.7)        ; 455.3 (455.3)                    ; 27.6 (27.6)                                       ; 1.0 (1.0)                        ; 0.0 (0.0)            ; 352 (352)           ; 692 (692)                 ; 0 (0)         ; 0                 ; 0     ; 0                        ; 0                                      ; 0                                                 ; 0    ; 0 (0)  ; dut|exposer4x32Impl_awIn_authFlitFIFO                                                     ; FIFO2                                            ; altera_work  ;
;       |exposer4x32Impl_awIn_inFlitsFIFO|                           ; 198.9 (198.9)        ; 224.7 (224.7)                    ; 26.4 (26.4)                                       ; 0.6 (0.6)                        ; 0.0 (0.0)            ; 167 (167)           ; 322 (322)                 ; 0 (0)         ; 0                 ; 0     ; 0                        ; 0                                      ; 0                                                 ; 0    ; 0 (0)  ; dut|exposer4x32Impl_awIn_inFlitsFIFO                                                      ; FIFO2                                            ; altera_work  ;
;       |exposer4x32Impl_awOut|                                      ; 65.2 (65.2)          ; 65.8 (65.8)                      ; 2.2 (2.2)                                         ; 1.5 (1.5)                        ; 0.0 (0.0)            ; 56 (56)             ; 98 (98)                   ; 0 (0)         ; 0                 ; 0     ; 0                        ; 0                                      ; 0                                                 ; 0    ; 0 (0)  ; dut|exposer4x32Impl_awOut                                                                 ; FIFO2                                            ; altera_work  ;
;       |exposer4x32Impl_bIn|                                        ; 8.9 (8.9)            ; 10.2 (10.2)                      ; 1.3 (1.3)                                         ; 0.0 (0.0)                        ; 0.0 (0.0)            ; 16 (16)             ; 12 (12)                   ; 0 (0)         ; 0                 ; 0     ; 0                        ; 0                                      ; 0                                                 ; 0    ; 0 (0)  ; dut|exposer4x32Impl_bIn                                                                   ; FIFO2                                            ; altera_work  ;
;       |exposer4x32Impl_bOut|                                       ; 7.0 (7.0)            ; 8.7 (8.7)                        ; 1.9 (1.9)                                         ; 0.1 (0.1)                        ; 0.0 (0.0)            ; 12 (12)             ; 8 (8)                     ; 0 (0)         ; 0                 ; 0     ; 0                        ; 0                                      ; 0                                                 ; 0    ; 0 (0)  ; dut|exposer4x32Impl_bOut                                                                  ; FIFO2                                            ; altera_work  ;
;       |exposer4x32Impl_rIn|                                        ; 31.3 (31.3)          ; 34.3 (34.3)                      ; 3.6 (3.6)                                         ; 0.6 (0.6)                        ; 0.0 (0.0)            ; 29 (29)             ; 46 (46)                   ; 0 (0)         ; 0                 ; 0     ; 0                        ; 0                                      ; 0                                                 ; 0    ; 0 (0)  ; dut|exposer4x32Impl_rIn                                                                   ; FIFO2                                            ; altera_work  ;
;       |exposer4x32Impl_rOut|                                       ; 27.1 (27.1)          ; 33.0 (33.0)                      ; 6.3 (6.3)                                         ; 0.4 (0.4)                        ; 0.0 (0.0)            ; 44 (44)             ; 40 (40)                   ; 0 (0)         ; 0                 ; 0     ; 0                        ; 0                                      ; 0                                                 ; 0    ; 0 (0)  ; dut|exposer4x32Impl_rOut                                                                  ; FIFO2                                            ; altera_work  ;
;       |exposer4x32Impl_rScoreboard_bram_memory|                    ; 0.0 (0.0)            ; 0.0 (0.0)                        ; 0.0 (0.0)                                         ; 0.0 (0.0)                        ; 0.0 (0.0)            ; 0 (0)               ; 0 (0)                     ; 0 (0)         ; 64                ; 1     ; 0                        ; 0                                      ; 0                                                 ; 0    ; 0 (0)  ; dut|exposer4x32Impl_rScoreboard_bram_memory                                               ; BRAM2                                            ; altera_work  ;
;          |RAM_rtl_0|                                               ; 0.0 (0.0)            ; 0.0 (0.0)                        ; 0.0 (0.0)                                         ; 0.0 (0.0)                        ; 0.0 (0.0)            ; 0 (0)               ; 0 (0)                     ; 0 (0)         ; 64                ; 1     ; 0                        ; 0                                      ; 0                                                 ; 0    ; 0 (0)  ; dut|exposer4x32Impl_rScoreboard_bram_memory|RAM_rtl_0                                     ; altera_syncram                                   ; work         ;
;             |auto_generated|                                       ; 0.0 (0.0)            ; 0.0 (0.0)                        ; 0.0 (0.0)                                         ; 0.0 (0.0)                        ; 0.0 (0.0)            ; 0 (0)               ; 0 (0)                     ; 0 (0)         ; 64                ; 1     ; 0                        ; 0                                      ; 0                                                 ; 0    ; 0 (0)  ; dut|exposer4x32Impl_rScoreboard_bram_memory|RAM_rtl_0|auto_generated                      ; altera_syncram_rd951                             ; altera_work  ;
;                |altera_syncram_impl1|                              ; 0.0 (0.0)            ; 0.0 (0.0)                        ; 0.0 (0.0)                                         ; 0.0 (0.0)                        ; 0.0 (0.0)            ; 0 (0)               ; 0 (0)                     ; 0 (0)         ; 64                ; 1     ; 0                        ; 0                                      ; 0                                                 ; 0    ; 0 (0)  ; dut|exposer4x32Impl_rScoreboard_bram_memory|RAM_rtl_0|auto_generated|altera_syncram_impl1 ; altera_syncram_impl_ulg32                        ; altera_work  ;
;       |exposer4x32Impl_rScoreboard_bram_serverAdapterB_outData_ff| ; 18.6 (18.6)          ; 23.7 (23.7)                      ; 5.2 (5.2)                                         ; 0.0 (0.0)                        ; 0.0 (0.0)            ; 26 (26)             ; 23 (23)                   ; 0 (0)         ; 0                 ; 0     ; 0                        ; 0                                      ; 0                                                 ; 0    ; 0 (0)  ; dut|exposer4x32Impl_rScoreboard_bram_serverAdapterB_outData_ff                            ; SizedFIFO                                        ; altera_work  ;
;       |exposer4x32Impl_rScoreboard_completedValidTxnMetaImpl|      ; 8.5 (8.5)            ; 8.5 (8.5)                        ; 0.0 (0.0)                                         ; 0.0 (0.0)                        ; 0.0 (0.0)            ; 14 (14)             ; 10 (10)                   ; 0 (0)         ; 0                 ; 0     ; 0                        ; 0                                      ; 0                                                 ; 0    ; 0 (0)  ; dut|exposer4x32Impl_rScoreboard_completedValidTxnMetaImpl                                 ; FIFO2                                            ; altera_work  ;
;       |exposer4x32Impl_rScoreboard_invalidTxnsToCompleteImpl|      ; 6.1 (6.1)            ; 7.0 (7.0)                        ; 1.2 (1.2)                                         ; 0.3 (0.3)                        ; 0.0 (0.0)            ; 10 (10)             ; 6 (6)                     ; 0 (0)         ; 0                 ; 0     ; 0                        ; 0                                      ; 0                                                 ; 0    ; 0 (0)  ; dut|exposer4x32Impl_rScoreboard_invalidTxnsToCompleteImpl                                 ; FIFO2                                            ; altera_work  ;
;       |exposer4x32Impl_wIn|                                        ; 45.2 (45.2)          ; 54.8 (54.8)                      ; 9.7 (9.7)                                         ; 0.1 (0.1)                        ; 0.0 (0.0)            ; 59 (59)             ; 66 (66)                   ; 0 (0)         ; 950               ; 1     ; 0                        ; 0                                      ; 0                                                 ; 0    ; 0 (0)  ; dut|exposer4x32Impl_wIn                                                                   ; SizedFIFO                                        ; altera_work  ;
;          |arr_rtl_0|                                               ; 0.0 (0.0)            ; 0.0 (0.0)                        ; 0.0 (0.0)                                         ; 0.0 (0.0)                        ; 0.0 (0.0)            ; 0 (0)               ; 0 (0)                     ; 0 (0)         ; 950               ; 1     ; 0                        ; 0                                      ; 0                                                 ; 0    ; 0 (0)  ; dut|exposer4x32Impl_wIn|arr_rtl_0                                                         ; altera_syncram                                   ; work         ;
;             |auto_generated|                                       ; 0.0 (0.0)            ; 0.0 (0.0)                        ; 0.0 (0.0)                                         ; 0.0 (0.0)                        ; 0.0 (0.0)            ; 0 (0)               ; 0 (0)                     ; 0 (0)         ; 950               ; 1     ; 0                        ; 0                                      ; 0                                                 ; 0    ; 0 (0)  ; dut|exposer4x32Impl_wIn|arr_rtl_0|auto_generated                                          ; altera_syncram_6698                              ; altera_work  ;
;                |altera_syncram_impl1|                              ; 0.0 (0.0)            ; 0.0 (0.0)                        ; 0.0 (0.0)                                         ; 0.0 (0.0)                        ; 0.0 (0.0)            ; 0 (0)               ; 0 (0)                     ; 0 (0)         ; 950               ; 1     ; 0                        ; 0                                      ; 0                                                 ; 0    ; 0 (0)  ; dut|exposer4x32Impl_wIn|arr_rtl_0|auto_generated|altera_syncram_impl1                     ; altera_syncram_impl_gd6o                         ; altera_work  ;
;       |exposer4x32Impl_wScoreboard_bram_memory|                    ; 0.0 (0.0)            ; 0.0 (0.0)                        ; 0.0 (0.0)                                         ; 0.0 (0.0)                        ; 0.0 (0.0)            ; 0 (0)               ; 0 (0)                     ; 0 (0)         ; 64                ; 1     ; 0                        ; 0                                      ; 0                                                 ; 0    ; 0 (0)  ; dut|exposer4x32Impl_wScoreboard_bram_memory                                               ; BRAM2                                            ; altera_work  ;
;          |RAM_rtl_0|                                               ; 0.0 (0.0)            ; 0.0 (0.0)                        ; 0.0 (0.0)                                         ; 0.0 (0.0)                        ; 0.0 (0.0)            ; 0 (0)               ; 0 (0)                     ; 0 (0)         ; 64                ; 1     ; 0                        ; 0                                      ; 0                                                 ; 0    ; 0 (0)  ; dut|exposer4x32Impl_wScoreboard_bram_memory|RAM_rtl_0                                     ; altera_syncram                                   ; work         ;
;             |auto_generated|                                       ; 0.0 (0.0)            ; 0.0 (0.0)                        ; 0.0 (0.0)                                         ; 0.0 (0.0)                        ; 0.0 (0.0)            ; 0 (0)               ; 0 (0)                     ; 0 (0)         ; 64                ; 1     ; 0                        ; 0                                      ; 0                                                 ; 0    ; 0 (0)  ; dut|exposer4x32Impl_wScoreboard_bram_memory|RAM_rtl_0|auto_generated                      ; altera_syncram_rd951                             ; altera_work  ;
;                |altera_syncram_impl1|                              ; 0.0 (0.0)            ; 0.0 (0.0)                        ; 0.0 (0.0)                                         ; 0.0 (0.0)                        ; 0.0 (0.0)            ; 0 (0)               ; 0 (0)                     ; 0 (0)         ; 64                ; 1     ; 0                        ; 0                                      ; 0                                                 ; 0    ; 0 (0)  ; dut|exposer4x32Impl_wScoreboard_bram_memory|RAM_rtl_0|auto_generated|altera_syncram_impl1 ; altera_syncram_impl_ulg32                        ; altera_work  ;
;       |exposer4x32Impl_wScoreboard_bram_serverAdapterB_outData_ff| ; 18.5 (18.5)          ; 23.0 (23.0)                      ; 4.5 (4.5)                                         ; 0.1 (0.1)                        ; 0.0 (0.0)            ; 26 (26)             ; 23 (23)                   ; 0 (0)         ; 0                 ; 0     ; 0                        ; 0                                      ; 0                                                 ; 0    ; 0 (0)  ; dut|exposer4x32Impl_wScoreboard_bram_serverAdapterB_outData_ff                            ; SizedFIFO                                        ; altera_work  ;
;       |exposer4x32Impl_wScoreboard_completedValidTxnMetaImpl|      ; 8.9 (8.9)            ; 10.2 (10.2)                      ; 1.3 (1.3)                                         ; 0.0 (0.0)                        ; 0.0 (0.0)            ; 14 (14)             ; 10 (10)                   ; 0 (0)         ; 0                 ; 0     ; 0                        ; 0                                      ; 0                                                 ; 0    ; 0 (0)  ; dut|exposer4x32Impl_wScoreboard_completedValidTxnMetaImpl                                 ; FIFO2                                            ; altera_work  ;
;       |exposer4x32Impl_wScoreboard_invalidTxnsToCompleteImpl|      ; 6.4 (6.4)            ; 7.8 (7.8)                        ; 1.4 (1.4)                                         ; 0.1 (0.1)                        ; 0.0 (0.0)            ; 10 (10)             ; 6 (6)                     ; 0 (0)         ; 0                 ; 0     ; 0                        ; 0                                      ; 0                                                 ; 0    ; 0 (0)  ; dut|exposer4x32Impl_wScoreboard_invalidTxnsToCompleteImpl                                 ; FIFO2                                            ; altera_work  ;
;       |keyStores_keyReqFF|                                         ; 7.2 (7.2)            ; 9.7 (9.7)                        ; 2.4 (2.4)                                         ; 0.0 (0.0)                        ; 0.0 (0.0)            ; 14 (14)             ; 10 (10)                   ; 0 (0)         ; 0                 ; 0     ; 0                        ; 0                                      ; 0                                                 ; 0    ; 0 (0)  ; dut|keyStores_keyReqFF                                                                    ; FIFO2                                            ; altera_work  ;
;       |keyStores_keyRespFF|                                        ; 38.8 (38.8)          ; 62.2 (62.2)                      ; 29.7 (29.7)                                       ; 6.3 (6.3)                        ; 0.0 (0.0)            ; 8 (8)               ; 140 (140)                 ; 0 (0)         ; 0                 ; 0     ; 0                        ; 0                                      ; 0                                                 ; 0    ; 0 (0)  ; dut|keyStores_keyRespFF                                                                   ; FIFO2                                            ; altera_work  ;
;       |keyStores_rValve_Decrement|                                 ; 7.3 (7.3)            ; 9.5 (9.5)                        ; 2.3 (2.3)                                         ; 0.2 (0.2)                        ; 0.0 (0.0)            ; 14 (14)             ; 10 (10)                   ; 0 (0)         ; 0                 ; 0     ; 0                        ; 0                                      ; 0                                                 ; 0    ; 0 (0)  ; dut|keyStores_rValve_Decrement                                                            ; FIFO2                                            ; altera_work  ;
;       |keyStores_rValve_Increment|                                 ; 7.4 (7.4)            ; 9.8 (9.8)                        ; 2.3 (2.3)                                         ; 0.0 (0.0)                        ; 0.0 (0.0)            ; 14 (14)             ; 10 (10)                   ; 0 (0)         ; 0                 ; 0     ; 0                        ; 0                                      ; 0                                                 ; 0    ; 0 (0)  ; dut|keyStores_rValve_Increment                                                            ; FIFO2                                            ; altera_work  ;
;       |keyStores_wValve_Decrement|                                 ; 6.8 (6.8)            ; 8.8 (8.8)                        ; 2.2 (2.2)                                         ; 0.2 (0.2)                        ; 0.0 (0.0)            ; 14 (14)             ; 10 (10)                   ; 0 (0)         ; 0                 ; 0     ; 0                        ; 0                                      ; 0                                                 ; 0    ; 0 (0)  ; dut|keyStores_wValve_Decrement                                                            ; FIFO2                                            ; altera_work  ;
;       |keyStores_wValve_Increment|                                 ; 7.4 (7.4)            ; 10.2 (10.2)                      ; 3.0 (3.0)                                         ; 0.2 (0.2)                        ; 0.0 (0.0)            ; 14 (14)             ; 10 (10)                   ; 0 (0)         ; 0                 ; 0     ; 0                        ; 0                                      ; 0                                                 ; 0    ; 0 (0)  ; dut|keyStores_wValve_Increment                                                            ; FIFO2                                            ; altera_work  ;
;    |i|                                                             ; 73.8 (73.8)          ; 165.6 (165.6)                    ; 95.7 (95.7)                                       ; 3.8 (3.8)                        ; 0.0 (0.0)            ; 0 (0)               ; 447 (447)                 ; 0 (0)         ; 0                 ; 0     ; 0                        ; 0                                      ; 0                                                 ; 0    ; 0 (0)  ; i                                                                                         ; input_harness                                    ; altera_work  ;
;    |o|                                                             ; 98.4 (98.4)          ; 270.9 (270.9)                    ; 184.2 (184.2)                                     ; 11.7 (11.7)                      ; 0.0 (0.0)            ; 357 (357)           ; 606 (606)                 ; 0 (0)         ; 0                 ; 0     ; 0                        ; 0                                      ; 0                                                 ; 0    ; 0 (0)  ; o                                                                                         ; output_harness                                   ; altera_work  ;
+--------------------------------------------------------------------+----------------------+----------------------------------+---------------------------------------------------+----------------------------------+----------------------+---------------------+---------------------------+---------------+-------------------+-------+--------------------------+----------------------------------------+---------------------------------------------------+------+--------+-------------------------------------------------------------------------------------------+--------------------------------------------------+--------------+
Note: For table entries with two numbers listed, the numbers in parentheses indicate the number of resources of the given type used by the specific entity alone. The numbers listed outside of parentheses indicate the total resources of the given type used by the specific entity and all of its sub-entities in the hierarchy.


+----------------------------------------------------------+
; Global & Other Fast Signals Summary                      ;
+----------+----------+---------+--------------------------+
; Name     ; Location ; Fan-Out ; Clock Region             ;
+----------+----------+---------+--------------------------+
; CLK_SLOW ; PIN_BF21 ; 3       ; Sectors (4, 3) to (5, 3) ;
+----------+----------+---------+--------------------------+


-------------------------------
; Global Signal Visualization ;
-------------------------------
This report is unavailable in plain text report export.


+--------------------------------------------------------------------------------------------------+
; Global & Other Fast Signals Details                                                              ;
+---------------------------------------------------+----------------------------------------------+
; Property                                          ; Value                                        ;
+---------------------------------------------------+----------------------------------------------+
; Name                                              ; CLK_SLOW                                     ;
;     -- Source Node                                ; CLK_SLOW~pad                                 ;
;     -- Source Type                                ; I/O pad                                      ;
;     -- Source Location                            ; PIN_BF21                                     ;
;     -- Fan-Out                                    ; 3                                            ;
;     -- Promotion Reason                           ; Automatically promoted                       ;
;     -- Clock Region                               ; Sectors (4, 3) to (5, 3)                     ;
;     -- Clock Partition Ownership for Preservation ; root_partition                               ;
;     -- Clock Region Size (in Sectors)             ; 2 x 1 (2 total)                              ;
;     -- Clock Region Bounding Box                  ; (130, 109) to (198, 144)                     ;
;     -- Clock Region Constraint                    ; SX4 SY3 SX5 SY3                              ;
;     -- Terminating Spine Index                    ; 14                                           ;
;     -- Path Length                                ; 2.5 clock sector wire(s) and 0 layer jump(s) ;
;         -- Length from Clock Source to Clock Tree ; 2.5 clock sector wire(s) and 0 layer jump(s) ;
;         -- Clock Tree Length                      ; 0.0 clock sector wire(s) and 0 layer jump(s) ;
+---------------------------------------------------+----------------------------------------------+
To visualize how these signals are routed, use the Chip Planner task "Report Clock Details".
To manually specify the size and placement of these signals, use the Assignment Editor to make Clock Region assignments.


+---------------------------------------------+
; Non-Global High Fan-Out Signals             ;
+----------------+---------+------------------+
; Name           ; Fan-Out ; Physical Fan-Out ;
+----------------+---------+------------------+
; CLK_FAST~input ; 42580   ; 4405             ;
; RST_N~input    ; 16976   ; 9844             ;
+----------------+---------+------------------+


+--------------------------------------------------------------------------------------------------------------------------------------------------------------------------------------------------------------------------------------------------------------------------------------------------------------------------------------------------------------------------------------------------------------------------------------------------------------------------------------------------------------------------------------------------------------------------------------------------------------------------------------------+
; Fitter RAM Summary                                                                                                                                                                                                                                                                                                                                                                                                                                                                                                                                                                                                                         ;
+----------------------------------------------------------------------------------------------------------+------+------------------+--------------+--------------+--------------+--------------+--------------+------------------------+-------------------------+------------------------+-------------------------+------+-----------------------------+-----------------------------+-----------------------------+-----------------------------+---------------------+-------------+-------+------+------------------+---------------------+-----------------+-----------------+----------+------------------------+-------------------+
; Name                                                                                                     ; Type ; Mode             ; Clock Mode   ; Port A Depth ; Port A Width ; Port B Depth ; Port B Width ; Port A Input Registers ; Port A Output Registers ; Port B Input Registers ; Port B Output Registers ; Size ; Implementation Port A Depth ; Implementation Port A Width ; Implementation Port B Depth ; Implementation Port B Width ; Implementation Bits ; M20K blocks ; MLABs ; MIF  ; Location         ; Mixed Port RDW Mode ; Port A RDW Mode ; Port B RDW Mode ; ECC Mode ; ECC Pipeline Registers ; Fits in MLABs     ;
+----------------------------------------------------------------------------------------------------------+------+------------------+--------------+--------------+--------------+--------------+--------------+------------------------+-------------------------+------------------------+-------------------------+------+-----------------------------+-----------------------------+-----------------------------+-----------------------------+---------------------+-------------+-------+------+------------------+---------------------+-----------------+-----------------+----------+------------------------+-------------------+
; dut|exposer4x32Impl_rScoreboard_bram_memory|RAM_rtl_0|auto_generated|altera_syncram_impl1|ALTERA_SYNCRAM ; AUTO ; Simple Dual Port ; Single Clock ; 16           ; 72           ; 16           ; 72           ; yes                    ; no                      ; yes                    ; yes                     ; 1152 ; 16                          ; 3                           ; 16                          ; 4                           ; 64                  ; 1           ; 0     ; None ; M20K_X234_Y77_N0 ; Don't care          ; New data        ; New data        ; Off      ; No                     ; No - Size Too Big ;
; dut|exposer4x32Impl_wIn|arr_rtl_0|auto_generated|altera_syncram_impl1|ALTERA_SYNCRAM                     ; AUTO ; Simple Dual Port ; Single Clock ; 50           ; 19           ; 50           ; 19           ; yes                    ; no                      ; yes                    ; no                      ; 950  ; 50                          ; 18                          ; 50                          ; 19                          ; 950                 ; 1           ; 0     ; None ; M20K_X228_Y83_N0 ; Old data            ; New data        ; New data        ; Off      ; No                     ; No - Size Too Big ;
; dut|exposer4x32Impl_wScoreboard_bram_memory|RAM_rtl_0|auto_generated|altera_syncram_impl1|ALTERA_SYNCRAM ; AUTO ; Simple Dual Port ; Single Clock ; 16           ; 72           ; 16           ; 72           ; yes                    ; no                      ; yes                    ; yes                     ; 1152 ; 16                          ; 3                           ; 16                          ; 4                           ; 64                  ; 1           ; 0     ; None ; M20K_X234_Y94_N0 ; Don't care          ; New data        ; New data        ; Off      ; No                     ; No - Size Too Big ;
+----------------------------------------------------------------------------------------------------------+------+------------------+--------------+--------------+--------------+--------------+--------------+------------------------+-------------------------+------------------------+-------------------------+------+-----------------------------+-----------------------------+-----------------------------+-----------------------------+---------------------+-------------+-------+------+------------------+---------------------+-----------------+-----------------+----------+------------------------+-------------------+
Note: Fitter may spread logical memories into multiple blocks to improve timing. The actual required RAM blocks can be found in the Fitter Resource Usage section.


+--------------------------------------------------------------------------------------------------------------------------------------------------------------------------------------------+
; Fitter Physical RAM Information                                                                                                                                                            ;
+-----------------------+-------------------------+-------------------------------+----------------------------------------------------------------------------------------------------------+
; Physical RAM Location ; Physical RAM Usage Bits ; Physical RAM Usage Percentage ; Logical RAM Name                                                                                         ;
+-----------------------+-------------------------+-------------------------------+----------------------------------------------------------------------------------------------------------+
; M20K_X234_Y77_N0      ; 64                      ; 0.3                           ; dut|exposer4x32Impl_rScoreboard_bram_memory|RAM_rtl_0|auto_generated|altera_syncram_impl1|ALTERA_SYNCRAM ;
; M20K_X234_Y94_N0      ; 64                      ; 0.3                           ; dut|exposer4x32Impl_wScoreboard_bram_memory|RAM_rtl_0|auto_generated|altera_syncram_impl1|ALTERA_SYNCRAM ;
; M20K_X228_Y83_N0      ; 950                     ; 4.6                           ; dut|exposer4x32Impl_wIn|arr_rtl_0|auto_generated|altera_syncram_impl1|ALTERA_SYNCRAM                     ;
+-----------------------+-------------------------+-------------------------------+----------------------------------------------------------------------------------------------------------+
Note: This table shows up to 500 physical rams that are least utilized. You can change this number by setting PHYSICAL_RAM_RPT_MAX_ROW in qsf file.


+----------------+
; Place Messages ;
+----------------+
Info (20030): Parallel compilation is enabled and will use 24 of the 24 processors detected
Info: *******************************************************************
Info: Running Quartus Prime Fitter
    Info: Version 23.2.0 Build 94 06/14/2023 SC Pro Edition
    Info: Processing started: Fri Oct 17 18:48:57 2025
    Info: System process ID: 3144261
Info: Command: quartus_fit --read_settings_files=on --write_settings_files=off SimpleIOCapExposerKeyMngrV2Tb_design -c SimpleIOCapExposerKeyMngrV2Tb_design
Info: qfit2_default_script.tcl version: #1
Info: Project  = SimpleIOCapExposerKeyMngrV2Tb_design
Info: Revision = SimpleIOCapExposerKeyMngrV2Tb_design
Info (11165): Fitter preparation operations ending: elapsed time is 00:01:28
Info (22300): Design uses Placement Effort Multiplier = 1.0.
Info (14951): The Fitter is using Advanced Physical Optimization.
Info (11888): Total time spent on timing analysis during Global Placement is 0.00 seconds.
Info (18252): The Fitter is using Physical Synthesis.
Info (18258): Fitter Physical Synthesis operations beginning
Info (18259): Fitter Physical Synthesis operations ending: elapsed time is 00:00:11
Info (11888): Total time spent on timing analysis during Physical Synthesis is 0.00 seconds.
Info (11178): Promoted 1 clock 
    Info (18386): CLK_SLOW (3 fanout) drives clock sectors (4, 3) to (5, 3)
Info (22300): Design uses Placement Effort Multiplier = 1.0.
Info (170189): Fitter placement preparation operations beginning
Info (170190): Fitter placement preparation operations ending: elapsed time is 00:00:29
Info (170191): Fitter placement operations beginning
Info (170137): Fitter placement was successful
Info (170192): Fitter placement operations ending: elapsed time is 00:00:53
Info (11888): Total time spent on timing analysis during Placement is 0.01 seconds.


